=== CNN training restart === 2026-04-19T11:16:14Z
[11:16:17] INFO     device.selected name=cpu reason=explicit                    
           INFO     HTTP Request: HEAD                                          
                    https://huggingface.co/bert-base-uncased/resolve/main/config
                    .json "HTTP/1.1 200 OK"                                     
Warning: You are sending unauthenticated requests to the HF Hub. Please set a HF_TOKEN to enable higher rate limits and faster downloads.
           WARNING  Warning: You are sending unauthenticated requests to the HF 
                    Hub. Please set a HF_TOKEN to enable higher rate limits and 
                    faster downloads.                                           
           INFO     HTTP Request: HEAD                                          
                    https://huggingface.co/bert-base-uncased/resolve/main/tokeni
                    zer_config.json "HTTP/1.1 200 OK"                           
           INFO     HTTP Request: GET                                           
                    https://huggingface.co/api/models/bert-base-uncased/tree/mai
                    n/additional_chat_templates?recursive=false&expand=false    
                    "HTTP/1.1 307 Temporary Redirect"                           
           INFO     HTTP Request: GET                                           
                    https://huggingface.co/api/models/google-bert/bert-base-unca
                    sed/tree/main/additional_chat_templates?recursive=false&expa
                    nd=false "HTTP/1.1 404 Not Found"                           
           INFO     HTTP Request: GET                                           
                    https://huggingface.co/api/models/bert-base-uncased/tree/mai
                    n?recursive=true&expand=false "HTTP/1.1 307 Temporary       
                    Redirect"                                                   
           INFO     HTTP Request: GET                                           
                    https://huggingface.co/api/models/google-bert/bert-base-unca
                    sed/tree/main?recursive=true&expand=false "HTTP/1.1 200 OK" 
[11:16:18] INFO     encoder.build name=conv-retriever params=4.92M dim=256      
                    device=cpu                                                  
           INFO     seed.set value=1729                                         
           INFO     train.start cfg=conv-retriever device=cuda                  
[11:16:21] INFO     train.schedule params=4.92M steps=19452 warmup=1945 batch=64
                    epochs=3                                                    
/workspace/my-ai-journey/vitruvius/src/vitruvius/training/trainer.py:167: FutureWarning: `torch.cuda.amp.GradScaler(args...)` is deprecated. Please use `torch.amp.GradScaler('cuda', args...)` instead.
  scaler = torch.cuda.amp.GradScaler(enabled=(cfg.amp and device.type == "cuda"))
/workspace/my-ai-journey/vitruvius/src/vitruvius/training/trainer.py:192: FutureWarning: `torch.cuda.amp.autocast(args...)` is deprecated. Please use `torch.amp.autocast('cuda', args...)` instead.
  with autocast_ctx():
[11:16:24] INFO     train.step step=100/19452 epoch=0 loss=4.8229 lr=5.14e-06   
[11:16:26] INFO     train.step step=200/19452 epoch=0 loss=4.8133 lr=1.03e-05   
[11:16:29] INFO     train.step step=300/19452 epoch=0 loss=4.7751 lr=1.54e-05   
[11:16:31] INFO     train.step step=400/19452 epoch=0 loss=4.6441 lr=2.06e-05   
[11:16:33] INFO     train.step step=500/19452 epoch=0 loss=4.6784 lr=2.57e-05   
/workspace/my-ai-journey/vitruvius/src/vitruvius/training/trainer.py:122: FutureWarning: `torch.cuda.amp.autocast(args...)` is deprecated. Please use `torch.amp.autocast('cuda', args...)` instead.
  with autocast_ctx():
[11:16:34] INFO     train.val step=500 val_loss=4.4943                          
           INFO     train.checkpoint.best step=500 val_loss=4.4943              
[11:16:37] INFO     train.step step=600/19452 epoch=0 loss=4.5046 lr=3.08e-05   
[11:16:39] INFO     train.step step=700/19452 epoch=0 loss=4.4689 lr=3.60e-05   
[11:16:41] INFO     train.step step=800/19452 epoch=0 loss=4.4778 lr=4.11e-05   
[11:16:43] INFO     train.step step=900/19452 epoch=0 loss=4.3731 lr=4.63e-05   
[11:16:45] INFO     train.step step=1000/19452 epoch=0 loss=4.2409 lr=5.14e-05  
[11:16:46] INFO     train.val step=1000 val_loss=3.8086                         
[11:16:47] INFO     train.checkpoint.best step=1000 val_loss=3.8086             
[11:16:49] INFO     train.step step=1100/19452 epoch=0 loss=4.2877 lr=5.66e-05  
[11:16:51] INFO     train.step step=1200/19452 epoch=0 loss=4.1160 lr=6.17e-05  
[11:16:53] INFO     train.step step=1300/19452 epoch=0 loss=3.8822 lr=6.68e-05  
[11:16:55] INFO     train.step step=1400/19452 epoch=0 loss=3.6567 lr=7.20e-05  
[11:16:57] INFO     train.step step=1500/19452 epoch=0 loss=3.0812 lr=7.71e-05  
[11:16:59] INFO     train.val step=1500 val_loss=2.9180                         
           INFO     train.checkpoint.best step=1500 val_loss=2.9180             
[11:17:01] INFO     train.step step=1600/19452 epoch=0 loss=3.1530 lr=8.23e-05  
[11:17:03] INFO     train.step step=1700/19452 epoch=0 loss=3.2305 lr=8.74e-05  
[11:17:05] INFO     train.step step=1800/19452 epoch=0 loss=2.8180 lr=9.25e-05  
[11:17:07] INFO     train.step step=1900/19452 epoch=0 loss=2.6704 lr=9.77e-05  
[11:17:10] INFO     train.step step=2000/19452 epoch=0 loss=2.2393 lr=1.00e-04  
[11:17:11] INFO     train.val step=2000 val_loss=2.2348                         
           INFO     train.checkpoint.best step=2000 val_loss=2.2348             
[11:17:13] INFO     train.step step=2100/19452 epoch=0 loss=2.3049 lr=1.00e-04  
[11:17:15] INFO     train.step step=2200/19452 epoch=0 loss=2.3767 lr=9.99e-05  
[11:17:17] INFO     train.step step=2300/19452 epoch=0 loss=2.1808 lr=9.99e-05  
[11:17:19] INFO     train.step step=2400/19452 epoch=0 loss=2.4326 lr=9.98e-05  
[11:17:22] INFO     train.step step=2500/19452 epoch=0 loss=2.1340 lr=9.98e-05  
[11:17:23] INFO     train.val step=2500 val_loss=1.8937                         
           INFO     train.checkpoint.best step=2500 val_loss=1.8937             
[11:17:25] INFO     train.step step=2600/19452 epoch=0 loss=1.7559 lr=9.97e-05  
[11:17:27] INFO     train.step step=2700/19452 epoch=0 loss=1.9059 lr=9.95e-05  
[11:17:29] INFO     train.step step=2800/19452 epoch=0 loss=2.0634 lr=9.94e-05  
[11:17:31] INFO     train.step step=2900/19452 epoch=0 loss=2.0345 lr=9.93e-05  
[11:17:34] INFO     train.step step=3000/19452 epoch=0 loss=1.9493 lr=9.91e-05  
[11:17:35] INFO     train.val step=3000 val_loss=1.6537                         
           INFO     train.checkpoint.best step=3000 val_loss=1.6537             
[11:17:37] INFO     train.step step=3100/19452 epoch=0 loss=1.8222 lr=9.89e-05  
[11:17:39] INFO     train.step step=3200/19452 epoch=0 loss=2.2312 lr=9.87e-05  
[11:17:42] INFO     train.step step=3300/19452 epoch=0 loss=1.8591 lr=9.85e-05  
[11:17:44] INFO     train.step step=3400/19452 epoch=0 loss=2.1236 lr=9.83e-05  
[11:17:46] INFO     train.step step=3500/19452 epoch=0 loss=1.5052 lr=9.81e-05  
[11:17:47] INFO     train.val step=3500 val_loss=1.5107                         
           INFO     train.checkpoint.best step=3500 val_loss=1.5107             
[11:17:50] INFO     train.step step=3600/19452 epoch=0 loss=2.0624 lr=9.78e-05  
[11:17:52] INFO     train.step step=3700/19452 epoch=0 loss=1.7195 lr=9.75e-05  
[11:17:54] INFO     train.step step=3800/19452 epoch=0 loss=1.7156 lr=9.73e-05  
[11:17:56] INFO     train.step step=3900/19452 epoch=0 loss=1.4430 lr=9.70e-05  
[11:17:58] INFO     train.step step=4000/19452 epoch=0 loss=1.7662 lr=9.66e-05  
[11:17:59] INFO     train.val step=4000 val_loss=1.4242                         
[11:18:00] INFO     train.checkpoint.best step=4000 val_loss=1.4242             
[11:18:02] INFO     train.step step=4100/19452 epoch=0 loss=1.5035 lr=9.63e-05  
[11:18:04] INFO     train.step step=4200/19452 epoch=0 loss=1.8029 lr=9.60e-05  
[11:18:06] INFO     train.step step=4300/19452 epoch=0 loss=1.5727 lr=9.56e-05  
[11:18:08] INFO     train.step step=4400/19452 epoch=0 loss=1.4243 lr=9.52e-05  
[11:18:10] INFO     train.step step=4500/19452 epoch=0 loss=1.3302 lr=9.48e-05  
[11:18:11] INFO     train.val step=4500 val_loss=1.3660                         
[11:18:12] INFO     train.checkpoint.best step=4500 val_loss=1.3660             
[11:18:14] INFO     train.step step=4600/19452 epoch=0 loss=1.9114 lr=9.44e-05  
[11:18:16] INFO     train.step step=4700/19452 epoch=0 loss=1.4843 lr=9.40e-05  
[11:18:18] INFO     train.step step=4800/19452 epoch=0 loss=1.5255 lr=9.36e-05  
[11:18:20] INFO     train.step step=4900/19452 epoch=0 loss=1.2418 lr=9.31e-05  
[11:18:22] INFO     train.step step=5000/19452 epoch=0 loss=1.3745 lr=9.27e-05  
[11:18:24] INFO     train.val step=5000 val_loss=1.2907                         
           INFO     train.checkpoint.best step=5000 val_loss=1.2907             
[11:18:26] INFO     train.step step=5100/19452 epoch=0 loss=1.4021 lr=9.22e-05  
[11:18:28] INFO     train.step step=5200/19452 epoch=0 loss=1.1630 lr=9.17e-05  
[11:18:30] INFO     train.step step=5300/19452 epoch=0 loss=1.5042 lr=9.12e-05  
[11:18:32] INFO     train.step step=5400/19452 epoch=0 loss=1.7140 lr=9.07e-05  
[11:18:34] INFO     train.step step=5500/19452 epoch=0 loss=1.5938 lr=9.02e-05  
[11:18:36] INFO     train.val step=5500 val_loss=1.2247                         
           INFO     train.checkpoint.best step=5500 val_loss=1.2247             
[11:18:38] INFO     train.step step=5600/19452 epoch=0 loss=1.2378 lr=8.96e-05  
[11:18:40] INFO     train.step step=5700/19452 epoch=0 loss=1.2098 lr=8.91e-05  
[11:18:42] INFO     train.step step=5800/19452 epoch=0 loss=1.6398 lr=8.85e-05  
[11:18:44] INFO     train.step step=5900/19452 epoch=0 loss=1.8949 lr=8.79e-05  
[11:18:47] INFO     train.step step=6000/19452 epoch=0 loss=1.3757 lr=8.73e-05  
[11:18:48] INFO     train.val step=6000 val_loss=1.1911                         
           INFO     train.checkpoint.best step=6000 val_loss=1.1911             
[11:18:50] INFO     train.step step=6100/19452 epoch=0 loss=1.5018 lr=8.67e-05  
[11:18:52] INFO     train.step step=6200/19452 epoch=0 loss=1.4412 lr=8.61e-05  
[11:18:54] INFO     train.step step=6300/19452 epoch=0 loss=1.6833 lr=8.55e-05  
[11:18:56] INFO     train.step step=6400/19452 epoch=0 loss=1.4181 lr=8.49e-05  
[11:18:59] INFO     train.step step=6500/19452 epoch=1 loss=1.3607 lr=8.42e-05  
[11:19:00] INFO     train.val step=6500 val_loss=1.1615                         
           INFO     train.checkpoint.best step=6500 val_loss=1.1615             
[11:19:02] INFO     train.step step=6600/19452 epoch=1 loss=1.2810 lr=8.35e-05  
[11:19:04] INFO     train.step step=6700/19452 epoch=1 loss=1.2966 lr=8.29e-05  
[11:19:06] INFO     train.step step=6800/19452 epoch=1 loss=1.1351 lr=8.22e-05  
[11:19:08] INFO     train.step step=6900/19452 epoch=1 loss=1.4633 lr=8.15e-05  
[11:19:10] INFO     train.step step=7000/19452 epoch=1 loss=1.1461 lr=8.08e-05  
[11:19:11] INFO     train.val step=7000 val_loss=1.0997                         
[11:19:12] INFO     train.checkpoint.best step=7000 val_loss=1.0997             
[11:19:13] INFO     train.step step=7100/19452 epoch=1 loss=1.1046 lr=8.01e-05  
[11:19:15] INFO     train.step step=7200/19452 epoch=1 loss=1.3928 lr=7.94e-05  
[11:19:17] INFO     train.step step=7300/19452 epoch=1 loss=0.9457 lr=7.86e-05  
[11:19:19] INFO     train.step step=7400/19452 epoch=1 loss=1.0837 lr=7.79e-05  
[11:19:21] INFO     train.step step=7500/19452 epoch=1 loss=0.9793 lr=7.71e-05  
[11:19:22] INFO     train.val step=7500 val_loss=1.0679                         
[11:19:23] INFO     train.checkpoint.best step=7500 val_loss=1.0679             
[11:19:25] INFO     train.step step=7600/19452 epoch=1 loss=1.4099 lr=7.64e-05  
[11:19:27] INFO     train.step step=7700/19452 epoch=1 loss=1.3073 lr=7.56e-05  
[11:19:28] INFO     train.step step=7800/19452 epoch=1 loss=1.0606 lr=7.48e-05  
[11:19:30] INFO     train.step step=7900/19452 epoch=1 loss=1.2230 lr=7.41e-05  
[11:19:32] INFO     train.step step=8000/19452 epoch=1 loss=0.9555 lr=7.33e-05  
[11:19:34] INFO     train.val step=8000 val_loss=1.0486                         
           INFO     train.checkpoint.best step=8000 val_loss=1.0486             
[11:19:36] INFO     train.step step=8100/19452 epoch=1 loss=1.3365 lr=7.25e-05  
[11:19:38] INFO     train.step step=8200/19452 epoch=1 loss=1.1102 lr=7.17e-05  
[11:19:40] INFO     train.step step=8300/19452 epoch=1 loss=1.4513 lr=7.09e-05  
[11:19:41] INFO     train.step step=8400/19452 epoch=1 loss=1.2242 lr=7.00e-05  
[11:19:43] INFO     train.step step=8500/19452 epoch=1 loss=0.9228 lr=6.92e-05  
[11:19:45] INFO     train.val step=8500 val_loss=1.0168                         
           INFO     train.checkpoint.best step=8500 val_loss=1.0168             
[11:19:47] INFO     train.step step=8600/19452 epoch=1 loss=1.1763 lr=6.84e-05  
[11:19:49] INFO     train.step step=8700/19452 epoch=1 loss=1.1196 lr=6.75e-05  
[11:19:51] INFO     train.step step=8800/19452 epoch=1 loss=1.1904 lr=6.67e-05  
[11:19:53] INFO     train.step step=8900/19452 epoch=1 loss=0.8845 lr=6.59e-05  
[11:19:54] INFO     train.step step=9000/19452 epoch=1 loss=0.9255 lr=6.50e-05  
[11:19:56] INFO     train.val step=9000 val_loss=0.9769                         
           INFO     train.checkpoint.best step=9000 val_loss=0.9769             
[11:19:58] INFO     train.step step=9100/19452 epoch=1 loss=0.9901 lr=6.41e-05  
[11:20:00] INFO     train.step step=9200/19452 epoch=1 loss=0.8441 lr=6.33e-05  
[11:20:02] INFO     train.step step=9300/19452 epoch=1 loss=0.9881 lr=6.24e-05  
[11:20:04] INFO     train.step step=9400/19452 epoch=1 loss=1.3524 lr=6.15e-05  
[11:20:06] INFO     train.step step=9500/19452 epoch=1 loss=0.9313 lr=6.07e-05  
[11:20:07] INFO     train.val step=9500 val_loss=0.9673                         
           INFO     train.checkpoint.best step=9500 val_loss=0.9673             
[11:20:09] INFO     train.step step=9600/19452 epoch=1 loss=1.2036 lr=5.98e-05  
[11:20:11] INFO     train.step step=9700/19452 epoch=1 loss=0.9675 lr=5.89e-05  
[11:20:13] INFO     train.step step=9800/19452 epoch=1 loss=1.0047 lr=5.80e-05  
[11:20:15] INFO     train.step step=9900/19452 epoch=1 loss=1.1011 lr=5.71e-05  
[11:20:17] INFO     train.step step=10000/19452 epoch=1 loss=1.1756 lr=5.63e-05 
[11:20:18] INFO     train.val step=10000 val_loss=0.9461                        
           INFO     train.checkpoint.best step=10000 val_loss=0.9461            
[11:20:20] INFO     train.step step=10100/19452 epoch=1 loss=1.4058 lr=5.54e-05 
[11:20:22] INFO     train.step step=10200/19452 epoch=1 loss=1.1767 lr=5.45e-05 
[11:20:24] INFO     train.step step=10300/19452 epoch=1 loss=0.8968 lr=5.36e-05 
[11:20:26] INFO     train.step step=10400/19452 epoch=1 loss=1.2678 lr=5.27e-05 
[11:20:28] INFO     train.step step=10500/19452 epoch=1 loss=1.0172 lr=5.18e-05 
[11:20:29] INFO     train.val step=10500 val_loss=0.9188                        
           INFO     train.checkpoint.best step=10500 val_loss=0.9188            
[11:20:31] INFO     train.step step=10600/19452 epoch=1 loss=1.0153 lr=5.09e-05 
[11:20:33] INFO     train.step step=10700/19452 epoch=1 loss=1.2595 lr=5.00e-05 
[11:20:35] INFO     train.step step=10800/19452 epoch=1 loss=0.7593 lr=4.91e-05 
[11:20:37] INFO     train.step step=10900/19452 epoch=1 loss=1.0195 lr=4.82e-05 
[11:20:39] INFO     train.step step=11000/19452 epoch=1 loss=0.6572 lr=4.73e-05 
[11:20:40] INFO     train.val step=11000 val_loss=0.9061                        
           INFO     train.checkpoint.best step=11000 val_loss=0.9061            
[11:20:42] INFO     train.step step=11100/19452 epoch=1 loss=0.8615 lr=4.64e-05 
[11:20:44] INFO     train.step step=11200/19452 epoch=1 loss=0.7715 lr=4.55e-05 
[11:20:46] INFO     train.step step=11300/19452 epoch=1 loss=0.7350 lr=4.46e-05 
[11:20:48] INFO     train.step step=11400/19452 epoch=1 loss=0.8477 lr=4.37e-05 
[11:20:50] INFO     train.step step=11500/19452 epoch=1 loss=0.8745 lr=4.28e-05 
[11:20:51] INFO     train.val step=11500 val_loss=0.8851                        
           INFO     train.checkpoint.best step=11500 val_loss=0.8851            
[11:20:53] INFO     train.step step=11600/19452 epoch=1 loss=1.1959 lr=4.19e-05 
[11:20:55] INFO     train.step step=11700/19452 epoch=1 loss=0.5962 lr=4.11e-05 
[11:20:57] INFO     train.step step=11800/19452 epoch=1 loss=1.0429 lr=4.02e-05 
[11:20:59] INFO     train.step step=11900/19452 epoch=1 loss=0.9352 lr=3.93e-05 
[11:21:01] INFO     train.step step=12000/19452 epoch=1 loss=1.0983 lr=3.84e-05 
[11:21:02] INFO     train.val step=12000 val_loss=0.8747                        
           INFO     train.checkpoint.best step=12000 val_loss=0.8747            
[11:21:04] INFO     train.step step=12100/19452 epoch=1 loss=0.9222 lr=3.76e-05 
[11:21:06] INFO     train.step step=12200/19452 epoch=1 loss=0.9520 lr=3.67e-05 
[11:21:08] INFO     train.step step=12300/19452 epoch=1 loss=0.6753 lr=3.58e-05 
[11:21:10] INFO     train.step step=12400/19452 epoch=1 loss=0.8756 lr=3.50e-05 
[11:21:12] INFO     train.step step=12500/19452 epoch=1 loss=0.9601 lr=3.41e-05 
[11:21:13] INFO     train.val step=12500 val_loss=0.8598                        
           INFO     train.checkpoint.best step=12500 val_loss=0.8598            
[11:21:15] INFO     train.step step=12600/19452 epoch=1 loss=1.0269 lr=3.33e-05 
[11:21:17] INFO     train.step step=12700/19452 epoch=1 loss=0.8862 lr=3.24e-05 
[11:21:19] INFO     train.step step=12800/19452 epoch=1 loss=0.9553 lr=3.16e-05 
[11:21:21] INFO     train.step step=12900/19452 epoch=1 loss=1.3062 lr=3.08e-05 
[11:21:23] INFO     train.step step=13000/19452 epoch=2 loss=1.1078 lr=2.99e-05 
[11:21:24] INFO     train.val step=13000 val_loss=0.8542                        
[11:30:23] INFO     train.checkpoint.best step=13000 val_loss=0.8542            
[11:30:25] INFO     train.step step=13100/19452 epoch=2 loss=1.1440 lr=2.91e-05 
[11:30:27] INFO     train.step step=13200/19452 epoch=2 loss=0.6767 lr=2.83e-05 
[11:30:29] INFO     train.step step=13300/19452 epoch=2 loss=0.7791 lr=2.75e-05 
[11:30:30] INFO     train.step step=13400/19452 epoch=2 loss=1.0580 lr=2.67e-05 
[11:30:32] INFO     train.step step=13500/19452 epoch=2 loss=0.7784 lr=2.59e-05 
[11:30:34] INFO     train.val step=13500 val_loss=0.8383                        
           INFO     train.checkpoint.best step=13500 val_loss=0.8383            
[11:30:36] INFO     train.step step=13600/19452 epoch=2 loss=0.8473 lr=2.51e-05 
[11:30:38] INFO     train.step step=13700/19452 epoch=2 loss=0.7129 lr=2.44e-05 
[11:30:40] INFO     train.step step=13800/19452 epoch=2 loss=0.7737 lr=2.36e-05 
[11:30:42] INFO     train.step step=13900/19452 epoch=2 loss=0.7632 lr=2.28e-05 
[11:30:44] INFO     train.step step=14000/19452 epoch=2 loss=1.1178 lr=2.21e-05 
[11:30:45] INFO     train.val step=14000 val_loss=0.8358                        
           INFO     train.checkpoint.best step=14000 val_loss=0.8358            
[11:30:47] INFO     train.step step=14100/19452 epoch=2 loss=0.7620 lr=2.13e-05 
[11:30:49] INFO     train.step step=14200/19452 epoch=2 loss=0.9190 lr=2.06e-05 
[11:30:51] INFO     train.step step=14300/19452 epoch=2 loss=0.8969 lr=1.99e-05 
[11:30:53] INFO     train.step step=14400/19452 epoch=2 loss=0.8211 lr=1.92e-05 
[11:30:55] INFO     train.step step=14500/19452 epoch=2 loss=0.9882 lr=1.85e-05 
[11:30:56] INFO     train.val step=14500 val_loss=0.8271                        
           INFO     train.checkpoint.best step=14500 val_loss=0.8271            
[11:30:58] INFO     train.step step=14600/19452 epoch=2 loss=0.7325 lr=1.78e-05 
[11:31:00] INFO     train.step step=14700/19452 epoch=2 loss=0.7566 lr=1.71e-05 
[11:31:02] INFO     train.step step=14800/19452 epoch=2 loss=0.7316 lr=1.64e-05 
[11:31:04] INFO     train.step step=14900/19452 epoch=2 loss=0.7753 lr=1.58e-05 
[11:31:06] INFO     train.step step=15000/19452 epoch=2 loss=0.9654 lr=1.51e-05 
[11:31:07] INFO     train.val step=15000 val_loss=0.8160                        
           INFO     train.checkpoint.best step=15000 val_loss=0.8160            
[11:31:09] INFO     train.step step=15100/19452 epoch=2 loss=0.7127 lr=1.45e-05 
[11:31:11] INFO     train.step step=15200/19452 epoch=2 loss=0.8621 lr=1.39e-05 
[11:31:13] INFO     train.step step=15300/19452 epoch=2 loss=0.9305 lr=1.32e-05 
[11:31:15] INFO     train.step step=15400/19452 epoch=2 loss=0.5357 lr=1.26e-05 
[11:31:17] INFO     train.step step=15500/19452 epoch=2 loss=0.8626 lr=1.21e-05 
[11:31:18] INFO     train.val step=15500 val_loss=0.8132                        
[11:31:19] INFO     train.checkpoint.best step=15500 val_loss=0.8132            
[11:31:20] INFO     train.step step=15600/19452 epoch=2 loss=0.5883 lr=1.15e-05 
[11:31:22] INFO     train.step step=15700/19452 epoch=2 loss=1.2056 lr=1.09e-05 
[11:31:24] INFO     train.step step=15800/19452 epoch=2 loss=0.8300 lr=1.04e-05 
[11:31:26] INFO     train.step step=15900/19452 epoch=2 loss=1.1507 lr=9.82e-06 
[11:31:28] INFO     train.step step=16000/19452 epoch=2 loss=0.9836 lr=9.29e-06 
[11:31:29] INFO     train.val step=16000 val_loss=0.8064                        
           INFO     train.checkpoint.best step=16000 val_loss=0.8064            
[11:31:31] INFO     train.step step=16100/19452 epoch=2 loss=0.7081 lr=8.78e-06 
[11:31:33] INFO     train.step step=16200/19452 epoch=2 loss=0.6824 lr=8.27e-06 
[11:31:35] INFO     train.step step=16300/19452 epoch=2 loss=0.9079 lr=7.79e-06 
[11:31:37] INFO     train.step step=16400/19452 epoch=2 loss=0.9223 lr=7.31e-06 
[11:31:39] INFO     train.step step=16500/19452 epoch=2 loss=1.1407 lr=6.85e-06 
[11:31:40] INFO     train.val step=16500 val_loss=0.8051                        
           INFO     train.checkpoint.best step=16500 val_loss=0.8051            
[11:31:42] INFO     train.step step=16600/19452 epoch=2 loss=1.3045 lr=6.41e-06 
[11:31:44] INFO     train.step step=16700/19452 epoch=2 loss=0.6871 lr=5.97e-06 
[11:31:46] INFO     train.step step=16800/19452 epoch=2 loss=0.6593 lr=5.56e-06 
[11:31:48] INFO     train.step step=16900/19452 epoch=2 loss=0.8413 lr=5.15e-06 
[11:31:50] INFO     train.step step=17000/19452 epoch=2 loss=0.7055 lr=4.76e-06 
[11:31:51] INFO     train.val step=17000 val_loss=0.8011                        
           INFO     train.checkpoint.best step=17000 val_loss=0.8011            
[11:31:53] INFO     train.step step=17100/19452 epoch=2 loss=0.8652 lr=4.39e-06 
[11:31:55] INFO     train.step step=17200/19452 epoch=2 loss=0.8713 lr=4.03e-06 
[11:31:57] INFO     train.step step=17300/19452 epoch=2 loss=0.7943 lr=3.68e-06 
[11:31:59] INFO     train.step step=17400/19452 epoch=2 loss=0.7081 lr=3.35e-06 
[11:32:01] INFO     train.step step=17500/19452 epoch=2 loss=0.7371 lr=3.04e-06 
[11:32:02] INFO     train.val step=17500 val_loss=0.7987                        
[11:32:03] INFO     train.checkpoint.best step=17500 val_loss=0.7987            
[11:32:05] INFO     train.step step=17600/19452 epoch=2 loss=0.7870 lr=2.74e-06 
[11:32:07] INFO     train.step step=17700/19452 epoch=2 loss=0.8612 lr=2.45e-06 
[11:32:08] INFO     train.step step=17800/19452 epoch=2 loss=0.6079 lr=2.18e-06 
[11:32:10] INFO     train.step step=17900/19452 epoch=2 loss=0.9021 lr=1.93e-06 
[11:32:13] INFO     train.step step=18000/19452 epoch=2 loss=0.8891 lr=1.69e-06 
[11:32:14] INFO     train.val step=18000 val_loss=0.7973                        
           INFO     train.checkpoint.best step=18000 val_loss=0.7973            
[11:32:16] INFO     train.step step=18100/19452 epoch=2 loss=0.5574 lr=1.46e-06 
[11:32:18] INFO     train.step step=18200/19452 epoch=2 loss=0.6944 lr=1.26e-06 
[11:32:20] INFO     train.step step=18300/19452 epoch=2 loss=0.7226 lr=1.06e-06 
[11:32:22] INFO     train.step step=18400/19452 epoch=2 loss=1.1985 lr=8.88e-07 
[11:32:24] INFO     train.step step=18500/19452 epoch=2 loss=0.8038 lr=7.28e-07 
[11:32:25] INFO     train.val step=18500 val_loss=0.7962                        
           INFO     train.checkpoint.best step=18500 val_loss=0.7962            
[11:32:27] INFO     train.step step=18600/19452 epoch=2 loss=0.8249 lr=5.83e-07 
[11:32:29] INFO     train.step step=18700/19452 epoch=2 loss=0.8616 lr=4.55e-07 
[11:32:31] INFO     train.step step=18800/19452 epoch=2 loss=0.7117 lr=3.42e-07 
[11:32:33] INFO     train.step step=18900/19452 epoch=2 loss=1.1349 lr=2.45e-07 
[11:32:34] INFO     train.step step=19000/19452 epoch=2 loss=0.5464 lr=1.64e-07 
[11:32:36] INFO     train.val step=19000 val_loss=0.7964                        
[11:32:38] INFO     train.step step=19100/19452 epoch=2 loss=1.0931 lr=9.97e-08 
[11:32:39] INFO     train.step step=19200/19452 epoch=2 loss=0.7009 lr=5.11e-08 
[11:32:41] INFO     train.step step=19300/19452 epoch=2 loss=1.0539 lr=1.86e-08 
[11:32:43] INFO     train.step step=19400/19452 epoch=2 loss=0.9277 lr=2.18e-09 
[11:32:46] INFO     Loading faiss with AVX2 support.                            
           INFO     Successfully loaded faiss with AVX2 support.                
{
  "amp_enabled": true,
  "best_val_loss": 0.7962454330921173,
  "config": {
    "amp": true,
    "batch_size": 64,
    "encoder": "conv-retriever",
    "epochs": 3,
    "log_every": 100,
    "lr": 0.0001,
    "max_seq_len": 128,
    "output_dir": "models/",
    "seed": 1729,
    "temperature": 0.05,
    "train_path": "data/msmarco/train_500k.jsonl",
    "val_every": 500,
    "val_path": "data/msmarco/val_5k.jsonl",
    "warmup_frac": 0.1,
    "weight_decay": 0.01
  },
  "device": "cuda",
  "encoder": "conv-retriever",
  "final_train_loss": 0.9277257323265076,
  "final_val_loss": 0.7963605827093124,
  "git_commit": "57d79dfd1ef9524767ee76f4c283336e89ef609e",
  "hardware": {
    "cuda_device": "NVIDIA A100-SXM4-80GB",
    "faiss": "1.13.2",
    "hostname": "6e7d83976091",
    "platform": "Linux-6.17.0-14-generic-x86_64-with-glibc2.35",
    "python": "3.11.10",
    "torch": "2.4.1+cu124"
  },
  "param_count": 4923648,
  "peak_gpu_memory_mb": 189,
  "run_timestamp_utc": "2026-04-19T11:32:46.571108+00:00",
  "steps_completed": 19452,
  "total_steps_planned": 19452,
  "wall_seconds": 984.61
}
           INFO     train.done encoder=conv-retriever steps=19452               
                    best_val=0.7962454330921173 wall_s=984.6                    
                    artifact=experiments/phase5/conv-retriever__training.json   
