=== LSTM training restart === 2026-04-19T11:03:52Z
[11:03:56] INFO     device.selected name=cpu reason=explicit                    
           INFO     HTTP Request: HEAD                                          
                    https://huggingface.co/bert-base-uncased/resolve/main/config
                    .json "HTTP/1.1 200 OK"                                     
Warning: You are sending unauthenticated requests to the HF Hub. Please set a HF_TOKEN to enable higher rate limits and faster downloads.
           WARNING  Warning: You are sending unauthenticated requests to the HF 
                    Hub. Please set a HF_TOKEN to enable higher rate limits and 
                    faster downloads.                                           
           INFO     HTTP Request: HEAD                                          
                    https://huggingface.co/bert-base-uncased/resolve/main/tokeni
                    zer_config.json "HTTP/1.1 200 OK"                           
           INFO     HTTP Request: GET                                           
                    https://huggingface.co/api/models/bert-base-uncased/tree/mai
                    n/additional_chat_templates?recursive=false&expand=false    
                    "HTTP/1.1 307 Temporary Redirect"                           
           INFO     HTTP Request: GET                                           
                    https://huggingface.co/api/models/google-bert/bert-base-unca
                    sed/tree/main/additional_chat_templates?recursive=false&expa
                    nd=false "HTTP/1.1 404 Not Found"                           
           INFO     HTTP Request: GET                                           
                    https://huggingface.co/api/models/bert-base-uncased/tree/mai
                    n?recursive=true&expand=false "HTTP/1.1 307 Temporary       
                    Redirect"                                                   
           INFO     HTTP Request: GET                                           
                    https://huggingface.co/api/models/google-bert/bert-base-unca
                    sed/tree/main?recursive=true&expand=false "HTTP/1.1 200 OK" 
           INFO     encoder.build name=lstm-retriever params=6.41M dim=256      
                    device=cpu                                                  
[11:03:57] INFO     seed.set value=1729                                         
           INFO     train.start cfg=lstm-retriever device=cuda                  
[11:03:59] INFO     train.schedule params=6.41M steps=19452 warmup=1945 batch=64
                    epochs=3                                                    
/workspace/my-ai-journey/vitruvius/src/vitruvius/training/trainer.py:167: FutureWarning: `torch.cuda.amp.GradScaler(args...)` is deprecated. Please use `torch.amp.GradScaler('cuda', args...)` instead.
  scaler = torch.cuda.amp.GradScaler(enabled=(cfg.amp and device.type == "cuda"))
/workspace/my-ai-journey/vitruvius/src/vitruvius/training/trainer.py:192: FutureWarning: `torch.cuda.amp.autocast(args...)` is deprecated. Please use `torch.amp.autocast('cuda', args...)` instead.
  with autocast_ctx():
[11:04:03] INFO     train.step step=100/19452 epoch=0 loss=4.4319 lr=5.14e-06   
[11:04:06] INFO     train.step step=200/19452 epoch=0 loss=3.8886 lr=1.03e-05   
[11:04:09] INFO     train.step step=300/19452 epoch=0 loss=2.7265 lr=1.54e-05   
[11:04:12] INFO     train.step step=400/19452 epoch=0 loss=1.8059 lr=2.06e-05   
[11:04:15] INFO     train.step step=500/19452 epoch=0 loss=1.8919 lr=2.57e-05   
/workspace/my-ai-journey/vitruvius/src/vitruvius/training/trainer.py:122: FutureWarning: `torch.cuda.amp.autocast(args...)` is deprecated. Please use `torch.amp.autocast('cuda', args...)` instead.
  with autocast_ctx():
[11:04:16] INFO     train.val step=500 val_loss=1.7694                          
           INFO     train.checkpoint.best step=500 val_loss=1.7694              
[11:04:19] INFO     train.step step=600/19452 epoch=0 loss=1.7629 lr=3.08e-05   
[11:04:22] INFO     train.step step=700/19452 epoch=0 loss=1.5830 lr=3.60e-05   
[11:04:25] INFO     train.step step=800/19452 epoch=0 loss=1.6414 lr=4.11e-05   
[11:04:27] INFO     train.step step=900/19452 epoch=0 loss=1.1860 lr=4.63e-05   
[11:04:30] INFO     train.step step=1000/19452 epoch=0 loss=1.6711 lr=5.14e-05  
[11:04:31] INFO     train.val step=1000 val_loss=1.4061                         
[11:04:32] INFO     train.checkpoint.best step=1000 val_loss=1.4061             
[11:04:35] INFO     train.step step=1100/19452 epoch=0 loss=1.6570 lr=5.66e-05  
[11:04:38] INFO     train.step step=1200/19452 epoch=0 loss=1.3435 lr=6.17e-05  
[11:04:40] INFO     train.step step=1300/19452 epoch=0 loss=1.4910 lr=6.68e-05  
[11:04:43] INFO     train.step step=1400/19452 epoch=0 loss=1.4215 lr=7.20e-05  
[11:04:46] INFO     train.step step=1500/19452 epoch=0 loss=1.1606 lr=7.71e-05  
[11:04:47] INFO     train.val step=1500 val_loss=1.2704                         
[11:04:48] INFO     train.checkpoint.best step=1500 val_loss=1.2704             
[11:04:51] INFO     train.step step=1600/19452 epoch=0 loss=1.0696 lr=8.23e-05  
[11:04:53] INFO     train.step step=1700/19452 epoch=0 loss=1.6267 lr=8.74e-05  
[11:04:56] INFO     train.step step=1800/19452 epoch=0 loss=1.3441 lr=9.25e-05  
[11:04:59] INFO     train.step step=1900/19452 epoch=0 loss=1.3074 lr=9.77e-05  
[11:05:02] INFO     train.step step=2000/19452 epoch=0 loss=1.5202 lr=1.00e-04  
[11:05:03] INFO     train.val step=2000 val_loss=1.2134                         
           INFO     train.checkpoint.best step=2000 val_loss=1.2134             
[11:05:06] INFO     train.step step=2100/19452 epoch=0 loss=1.2440 lr=1.00e-04  
[11:05:09] INFO     train.step step=2200/19452 epoch=0 loss=1.0220 lr=9.99e-05  
[11:05:12] INFO     train.step step=2300/19452 epoch=0 loss=0.9856 lr=9.99e-05  
[11:05:15] INFO     train.step step=2400/19452 epoch=0 loss=1.4139 lr=9.98e-05  
[11:05:18] INFO     train.step step=2500/19452 epoch=0 loss=0.9313 lr=9.98e-05  
[11:05:19] INFO     train.val step=2500 val_loss=1.1000                         
           INFO     train.checkpoint.best step=2500 val_loss=1.1000             
[11:05:22] INFO     train.step step=2600/19452 epoch=0 loss=1.0159 lr=9.97e-05  
[11:05:25] INFO     train.step step=2700/19452 epoch=0 loss=1.1584 lr=9.95e-05  
[11:05:28] INFO     train.step step=2800/19452 epoch=0 loss=1.0960 lr=9.94e-05  
[11:05:30] INFO     train.step step=2900/19452 epoch=0 loss=1.0884 lr=9.93e-05  
[11:05:33] INFO     train.step step=3000/19452 epoch=0 loss=0.8798 lr=9.91e-05  
[11:05:35] INFO     train.val step=3000 val_loss=0.9994                         
           INFO     train.checkpoint.best step=3000 val_loss=0.9994             
[11:05:38] INFO     train.step step=3100/19452 epoch=0 loss=0.9804 lr=9.89e-05  
[11:05:41] INFO     train.step step=3200/19452 epoch=0 loss=1.1363 lr=9.87e-05  
[11:05:44] INFO     train.step step=3300/19452 epoch=0 loss=1.0545 lr=9.85e-05  
[11:05:46] INFO     train.step step=3400/19452 epoch=0 loss=0.8546 lr=9.83e-05  
[11:05:49] INFO     train.step step=3500/19452 epoch=0 loss=0.8367 lr=9.81e-05  
[11:05:51] INFO     train.val step=3500 val_loss=0.8976                         
           INFO     train.checkpoint.best step=3500 val_loss=0.8976             
[11:05:54] INFO     train.step step=3600/19452 epoch=0 loss=1.1180 lr=9.78e-05  
[11:05:56] INFO     train.step step=3700/19452 epoch=0 loss=0.9880 lr=9.75e-05  
[11:05:59] INFO     train.step step=3800/19452 epoch=0 loss=0.9259 lr=9.73e-05  
[11:06:02] INFO     train.step step=3900/19452 epoch=0 loss=0.8665 lr=9.70e-05  
[11:06:05] INFO     train.step step=4000/19452 epoch=0 loss=0.8249 lr=9.66e-05  
[11:06:06] INFO     train.val step=4000 val_loss=0.8192                         
           INFO     train.checkpoint.best step=4000 val_loss=0.8192             
[11:06:09] INFO     train.step step=4100/19452 epoch=0 loss=0.7643 lr=9.63e-05  
[11:06:12] INFO     train.step step=4200/19452 epoch=0 loss=0.7881 lr=9.60e-05  
[11:06:15] INFO     train.step step=4300/19452 epoch=0 loss=0.7929 lr=9.56e-05  
[11:06:18] INFO     train.step step=4400/19452 epoch=0 loss=0.6315 lr=9.52e-05  
[11:06:21] INFO     train.step step=4500/19452 epoch=0 loss=0.6982 lr=9.48e-05  
[11:06:22] INFO     train.val step=4500 val_loss=0.7647                         
           INFO     train.checkpoint.best step=4500 val_loss=0.7647             
[11:06:25] INFO     train.step step=4600/19452 epoch=0 loss=1.0126 lr=9.44e-05  
[11:06:28] INFO     train.step step=4700/19452 epoch=0 loss=0.6465 lr=9.40e-05  
[11:06:31] INFO     train.step step=4800/19452 epoch=0 loss=0.6686 lr=9.36e-05  
[11:06:34] INFO     train.step step=4900/19452 epoch=0 loss=0.5885 lr=9.31e-05  
[11:06:36] INFO     train.step step=5000/19452 epoch=0 loss=0.6525 lr=9.27e-05  
[11:06:38] INFO     train.val step=5000 val_loss=0.7373                         
           INFO     train.checkpoint.best step=5000 val_loss=0.7373             
[11:06:41] INFO     train.step step=5100/19452 epoch=0 loss=0.5450 lr=9.22e-05  
[11:06:43] INFO     train.step step=5200/19452 epoch=0 loss=0.5391 lr=9.17e-05  
[11:06:46] INFO     train.step step=5300/19452 epoch=0 loss=0.6177 lr=9.12e-05  
[11:06:49] INFO     train.step step=5400/19452 epoch=0 loss=0.6639 lr=9.07e-05  
[11:06:52] INFO     train.step step=5500/19452 epoch=0 loss=0.6888 lr=9.02e-05  
[11:06:53] INFO     train.val step=5500 val_loss=0.6947                         
[11:06:54] INFO     train.checkpoint.best step=5500 val_loss=0.6947             
[11:06:56] INFO     train.step step=5600/19452 epoch=0 loss=0.6540 lr=8.96e-05  
[11:06:59] INFO     train.step step=5700/19452 epoch=0 loss=0.4499 lr=8.91e-05  
[11:07:02] INFO     train.step step=5800/19452 epoch=0 loss=0.7870 lr=8.85e-05  
[11:07:05] INFO     train.step step=5900/19452 epoch=0 loss=0.8428 lr=8.79e-05  
[11:07:07] INFO     train.step step=6000/19452 epoch=0 loss=0.5209 lr=8.73e-05  
[11:07:09] INFO     train.val step=6000 val_loss=0.6713                         
           INFO     train.checkpoint.best step=6000 val_loss=0.6713             
[11:07:12] INFO     train.step step=6100/19452 epoch=0 loss=0.8027 lr=8.67e-05  
[11:07:15] INFO     train.step step=6200/19452 epoch=0 loss=0.5693 lr=8.61e-05  
[11:07:17] INFO     train.step step=6300/19452 epoch=0 loss=0.7734 lr=8.55e-05  
[11:07:20] INFO     train.step step=6400/19452 epoch=0 loss=0.8709 lr=8.49e-05  
[11:07:23] INFO     train.step step=6500/19452 epoch=1 loss=0.6510 lr=8.42e-05  
[11:07:25] INFO     train.val step=6500 val_loss=0.6615                         
           INFO     train.checkpoint.best step=6500 val_loss=0.6615             
[11:07:28] INFO     train.step step=6600/19452 epoch=1 loss=0.5864 lr=8.35e-05  
[11:07:31] INFO     train.step step=6700/19452 epoch=1 loss=0.8627 lr=8.29e-05  
[11:07:33] INFO     train.step step=6800/19452 epoch=1 loss=0.6508 lr=8.22e-05  
[11:07:36] INFO     train.step step=6900/19452 epoch=1 loss=0.7828 lr=8.15e-05  
[11:07:39] INFO     train.step step=7000/19452 epoch=1 loss=0.7269 lr=8.08e-05  
[11:07:40] INFO     train.val step=7000 val_loss=0.6368                         
[11:07:41] INFO     train.checkpoint.best step=7000 val_loss=0.6368             
[11:07:43] INFO     train.step step=7100/19452 epoch=1 loss=0.4650 lr=8.01e-05  
[11:07:46] INFO     train.step step=7200/19452 epoch=1 loss=0.7679 lr=7.94e-05  
[11:07:49] INFO     train.step step=7300/19452 epoch=1 loss=0.3923 lr=7.86e-05  
[11:07:52] INFO     train.step step=7400/19452 epoch=1 loss=0.6139 lr=7.79e-05  
[11:07:55] INFO     train.step step=7500/19452 epoch=1 loss=0.4936 lr=7.71e-05  
[11:07:56] INFO     train.val step=7500 val_loss=0.6159                         
[11:07:57] INFO     train.checkpoint.best step=7500 val_loss=0.6159             
[11:07:59] INFO     train.step step=7600/19452 epoch=1 loss=0.7372 lr=7.64e-05  
[11:08:02] INFO     train.step step=7700/19452 epoch=1 loss=0.6131 lr=7.56e-05  
[11:08:05] INFO     train.step step=7800/19452 epoch=1 loss=0.4010 lr=7.48e-05  
[11:08:08] INFO     train.step step=7900/19452 epoch=1 loss=0.6875 lr=7.41e-05  
[11:08:11] INFO     train.step step=8000/19452 epoch=1 loss=0.3129 lr=7.33e-05  
[11:08:12] INFO     train.val step=8000 val_loss=0.6031                         
[11:08:13] INFO     train.checkpoint.best step=8000 val_loss=0.6031             
[11:08:15] INFO     train.step step=8100/19452 epoch=1 loss=0.7287 lr=7.25e-05  
[11:08:18] INFO     train.step step=8200/19452 epoch=1 loss=0.5900 lr=7.17e-05  
[11:08:21] INFO     train.step step=8300/19452 epoch=1 loss=0.5474 lr=7.09e-05  
[11:08:24] INFO     train.step step=8400/19452 epoch=1 loss=0.4130 lr=7.00e-05  
[11:08:27] INFO     train.step step=8500/19452 epoch=1 loss=0.4056 lr=6.92e-05  
[11:08:28] INFO     train.val step=8500 val_loss=0.5948                         
           INFO     train.checkpoint.best step=8500 val_loss=0.5948             
[11:08:31] INFO     train.step step=8600/19452 epoch=1 loss=0.4818 lr=6.84e-05  
[11:08:34] INFO     train.step step=8700/19452 epoch=1 loss=0.3464 lr=6.75e-05  
[11:08:37] INFO     train.step step=8800/19452 epoch=1 loss=0.5212 lr=6.67e-05  
[11:08:40] INFO     train.step step=8900/19452 epoch=1 loss=0.3908 lr=6.59e-05  
[11:08:43] INFO     train.step step=9000/19452 epoch=1 loss=0.5461 lr=6.50e-05  
[11:08:44] INFO     train.val step=9000 val_loss=0.5737                         
           INFO     train.checkpoint.best step=9000 val_loss=0.5737             
[11:08:47] INFO     train.step step=9100/19452 epoch=1 loss=0.4471 lr=6.41e-05  
[11:08:50] INFO     train.step step=9200/19452 epoch=1 loss=0.5021 lr=6.33e-05  
[11:08:53] INFO     train.step step=9300/19452 epoch=1 loss=0.6673 lr=6.24e-05  
[11:08:56] INFO     train.step step=9400/19452 epoch=1 loss=0.6046 lr=6.15e-05  
[11:08:59] INFO     train.step step=9500/19452 epoch=1 loss=0.6658 lr=6.07e-05  
[11:09:00] INFO     train.val step=9500 val_loss=0.5634                         
           INFO     train.checkpoint.best step=9500 val_loss=0.5634             
[11:09:03] INFO     train.step step=9600/19452 epoch=1 loss=0.5748 lr=5.98e-05  
[11:09:06] INFO     train.step step=9700/19452 epoch=1 loss=0.5790 lr=5.89e-05  
[11:09:09] INFO     train.step step=9800/19452 epoch=1 loss=0.6815 lr=5.80e-05  
[11:09:12] INFO     train.step step=9900/19452 epoch=1 loss=0.4659 lr=5.71e-05  
[11:09:14] INFO     train.step step=10000/19452 epoch=1 loss=0.5001 lr=5.63e-05 
[11:09:16] INFO     train.val step=10000 val_loss=0.5529                        
           INFO     train.checkpoint.best step=10000 val_loss=0.5529            
[11:09:19] INFO     train.step step=10100/19452 epoch=1 loss=0.6300 lr=5.54e-05 
[11:09:22] INFO     train.step step=10200/19452 epoch=1 loss=0.4965 lr=5.45e-05 
[11:09:24] INFO     train.step step=10300/19452 epoch=1 loss=0.3234 lr=5.36e-05 
[11:09:27] INFO     train.step step=10400/19452 epoch=1 loss=0.6331 lr=5.27e-05 
[11:09:30] INFO     train.step step=10500/19452 epoch=1 loss=0.3082 lr=5.18e-05 
[11:09:31] INFO     train.val step=10500 val_loss=0.5463                        
[11:09:32] INFO     train.checkpoint.best step=10500 val_loss=0.5463            
[11:09:34] INFO     train.step step=10600/19452 epoch=1 loss=0.5802 lr=5.09e-05 
[11:09:37] INFO     train.step step=10700/19452 epoch=1 loss=0.5957 lr=5.00e-05 
[11:09:40] INFO     train.step step=10800/19452 epoch=1 loss=0.3862 lr=4.91e-05 
[11:09:43] INFO     train.step step=10900/19452 epoch=1 loss=0.3305 lr=4.82e-05 
[11:09:46] INFO     train.step step=11000/19452 epoch=1 loss=0.3259 lr=4.73e-05 
[11:09:47] INFO     train.val step=11000 val_loss=0.5360                        
           INFO     train.checkpoint.best step=11000 val_loss=0.5360            
[11:09:50] INFO     train.step step=11100/19452 epoch=1 loss=0.5341 lr=4.64e-05 
[11:09:53] INFO     train.step step=11200/19452 epoch=1 loss=0.3374 lr=4.55e-05 
[11:09:56] INFO     train.step step=11300/19452 epoch=1 loss=0.4846 lr=4.46e-05 
[11:09:59] INFO     train.step step=11400/19452 epoch=1 loss=0.5803 lr=4.37e-05 
[11:10:02] INFO     train.step step=11500/19452 epoch=1 loss=0.5751 lr=4.28e-05 
[11:10:03] INFO     train.val step=11500 val_loss=0.5308                        
           INFO     train.checkpoint.best step=11500 val_loss=0.5308            
[11:10:06] INFO     train.step step=11600/19452 epoch=1 loss=0.5219 lr=4.19e-05 
[11:10:09] INFO     train.step step=11700/19452 epoch=1 loss=0.3810 lr=4.11e-05 
[11:10:12] INFO     train.step step=11800/19452 epoch=1 loss=0.4448 lr=4.02e-05 
[11:10:15] INFO     train.step step=11900/19452 epoch=1 loss=0.4505 lr=3.93e-05 
[11:10:17] INFO     train.step step=12000/19452 epoch=1 loss=0.5948 lr=3.84e-05 
[11:10:19] INFO     train.val step=12000 val_loss=0.5266                        
           INFO     train.checkpoint.best step=12000 val_loss=0.5266            
[11:10:22] INFO     train.step step=12100/19452 epoch=1 loss=0.5342 lr=3.76e-05 
[11:10:25] INFO     train.step step=12200/19452 epoch=1 loss=0.3839 lr=3.67e-05 
[11:10:28] INFO     train.step step=12300/19452 epoch=1 loss=0.3232 lr=3.58e-05 
[11:10:30] INFO     train.step step=12400/19452 epoch=1 loss=0.4870 lr=3.50e-05 
[11:10:33] INFO     train.step step=12500/19452 epoch=1 loss=0.6681 lr=3.41e-05 
[11:10:35] INFO     train.val step=12500 val_loss=0.5116                        
           INFO     train.checkpoint.best step=12500 val_loss=0.5116            
[11:10:38] INFO     train.step step=12600/19452 epoch=1 loss=0.5050 lr=3.33e-05 
[11:10:40] INFO     train.step step=12700/19452 epoch=1 loss=0.4604 lr=3.24e-05 
[11:10:43] INFO     train.step step=12800/19452 epoch=1 loss=0.5048 lr=3.16e-05 
[11:10:46] INFO     train.step step=12900/19452 epoch=1 loss=0.4148 lr=3.08e-05 
[11:10:49] INFO     train.step step=13000/19452 epoch=2 loss=0.4850 lr=2.99e-05 
[11:10:51] INFO     train.val step=13000 val_loss=0.5119                        
[11:10:54] INFO     train.step step=13100/19452 epoch=2 loss=0.6851 lr=2.91e-05 
[11:10:56] INFO     train.step step=13200/19452 epoch=2 loss=0.4311 lr=2.83e-05 
[11:10:59] INFO     train.step step=13300/19452 epoch=2 loss=0.3719 lr=2.75e-05 
[11:11:02] INFO     train.step step=13400/19452 epoch=2 loss=0.5575 lr=2.67e-05 
[11:11:05] INFO     train.step step=13500/19452 epoch=2 loss=0.4209 lr=2.59e-05 
[11:11:06] INFO     train.val step=13500 val_loss=0.5026                        
[11:11:07] INFO     train.checkpoint.best step=13500 val_loss=0.5026            
[11:11:09] INFO     train.step step=13600/19452 epoch=2 loss=0.4084 lr=2.51e-05 
[11:11:12] INFO     train.step step=13700/19452 epoch=2 loss=0.3560 lr=2.44e-05 
[11:11:15] INFO     train.step step=13800/19452 epoch=2 loss=0.6279 lr=2.36e-05 
[11:11:18] INFO     train.step step=13900/19452 epoch=2 loss=0.4868 lr=2.28e-05 
[11:11:21] INFO     train.step step=14000/19452 epoch=2 loss=0.4675 lr=2.21e-05 
[11:11:22] INFO     train.val step=14000 val_loss=0.4941                        
[11:11:23] INFO     train.checkpoint.best step=14000 val_loss=0.4941            
[11:11:25] INFO     train.step step=14100/19452 epoch=2 loss=0.3943 lr=2.13e-05 
[11:11:28] INFO     train.step step=14200/19452 epoch=2 loss=0.5850 lr=2.06e-05 
[11:11:31] INFO     train.step step=14300/19452 epoch=2 loss=0.5246 lr=1.99e-05 
[11:11:34] INFO     train.step step=14400/19452 epoch=2 loss=0.3546 lr=1.92e-05 
[11:11:37] INFO     train.step step=14500/19452 epoch=2 loss=0.6348 lr=1.85e-05 
[11:11:38] INFO     train.val step=14500 val_loss=0.4939                        
           INFO     train.checkpoint.best step=14500 val_loss=0.4939            
[11:11:41] INFO     train.step step=14600/19452 epoch=2 loss=0.3176 lr=1.78e-05 
[11:11:44] INFO     train.step step=14700/19452 epoch=2 loss=0.2799 lr=1.71e-05 
[11:11:47] INFO     train.step step=14800/19452 epoch=2 loss=0.2159 lr=1.64e-05 
[11:11:50] INFO     train.step step=14900/19452 epoch=2 loss=0.3357 lr=1.58e-05 
[11:11:52] INFO     train.step step=15000/19452 epoch=2 loss=0.3962 lr=1.51e-05 
[11:11:54] INFO     train.val step=15000 val_loss=0.4883                        
           INFO     train.checkpoint.best step=15000 val_loss=0.4883            
[11:11:57] INFO     train.step step=15100/19452 epoch=2 loss=0.3238 lr=1.45e-05 
[11:12:00] INFO     train.step step=15200/19452 epoch=2 loss=0.4152 lr=1.39e-05 
[11:12:03] INFO     train.step step=15300/19452 epoch=2 loss=0.5359 lr=1.32e-05 
[11:12:05] INFO     train.step step=15400/19452 epoch=2 loss=0.2289 lr=1.26e-05 
[11:12:08] INFO     train.step step=15500/19452 epoch=2 loss=0.2470 lr=1.21e-05 
[11:12:10] INFO     train.val step=15500 val_loss=0.4818                        
           INFO     train.checkpoint.best step=15500 val_loss=0.4818            
[11:12:13] INFO     train.step step=15600/19452 epoch=2 loss=0.2206 lr=1.15e-05 
[11:12:16] INFO     train.step step=15700/19452 epoch=2 loss=0.3239 lr=1.09e-05 
[11:12:18] INFO     train.step step=15800/19452 epoch=2 loss=0.4965 lr=1.04e-05 
[11:12:21] INFO     train.step step=15900/19452 epoch=2 loss=0.4373 lr=9.82e-06 
[11:12:24] INFO     train.step step=16000/19452 epoch=2 loss=0.4865 lr=9.29e-06 
[11:12:26] INFO     train.val step=16000 val_loss=0.4794                        
           INFO     train.checkpoint.best step=16000 val_loss=0.4794            
[11:12:29] INFO     train.step step=16100/19452 epoch=2 loss=0.3630 lr=8.78e-06 
[11:12:32] INFO     train.step step=16200/19452 epoch=2 loss=0.4200 lr=8.27e-06 
[11:12:35] INFO     train.step step=16300/19452 epoch=2 loss=0.3930 lr=7.79e-06 
[11:12:37] INFO     train.step step=16400/19452 epoch=2 loss=0.3048 lr=7.31e-06 
[11:12:40] INFO     train.step step=16500/19452 epoch=2 loss=0.4671 lr=6.85e-06 
[11:12:42] INFO     train.val step=16500 val_loss=0.4767                        
           INFO     train.checkpoint.best step=16500 val_loss=0.4767            
[11:12:45] INFO     train.step step=16600/19452 epoch=2 loss=0.6142 lr=6.41e-06 
[11:12:48] INFO     train.step step=16700/19452 epoch=2 loss=0.3276 lr=5.97e-06 
[11:12:50] INFO     train.step step=16800/19452 epoch=2 loss=0.3236 lr=5.56e-06 
[11:12:53] INFO     train.step step=16900/19452 epoch=2 loss=0.4490 lr=5.15e-06 
[11:12:56] INFO     train.step step=17000/19452 epoch=2 loss=0.3620 lr=4.76e-06 
[11:12:57] INFO     train.val step=17000 val_loss=0.4742                        
[11:12:58] INFO     train.checkpoint.best step=17000 val_loss=0.4742            
[11:13:00] INFO     train.step step=17100/19452 epoch=2 loss=0.4150 lr=4.39e-06 
[11:13:03] INFO     train.step step=17200/19452 epoch=2 loss=0.4589 lr=4.03e-06 
[11:13:06] INFO     train.step step=17300/19452 epoch=2 loss=0.3471 lr=3.68e-06 
[11:13:09] INFO     train.step step=17400/19452 epoch=2 loss=0.4831 lr=3.35e-06 
[11:13:12] INFO     train.step step=17500/19452 epoch=2 loss=0.2679 lr=3.04e-06 
[11:13:13] INFO     train.val step=17500 val_loss=0.4727                        
           INFO     train.checkpoint.best step=17500 val_loss=0.4727            
[11:13:16] INFO     train.step step=17600/19452 epoch=2 loss=0.4033 lr=2.74e-06 
[11:13:19] INFO     train.step step=17700/19452 epoch=2 loss=0.4357 lr=2.45e-06 
[11:13:22] INFO     train.step step=17800/19452 epoch=2 loss=0.3637 lr=2.18e-06 
[11:13:25] INFO     train.step step=17900/19452 epoch=2 loss=0.4608 lr=1.93e-06 
[11:13:28] INFO     train.step step=18000/19452 epoch=2 loss=0.5895 lr=1.69e-06 
[11:13:29] INFO     train.val step=18000 val_loss=0.4723                        
           INFO     train.checkpoint.best step=18000 val_loss=0.4723            
[11:13:32] INFO     train.step step=18100/19452 epoch=2 loss=0.2493 lr=1.46e-06 
[11:13:35] INFO     train.step step=18200/19452 epoch=2 loss=0.5051 lr=1.26e-06 
[11:13:38] INFO     train.step step=18300/19452 epoch=2 loss=0.4204 lr=1.06e-06 
[11:13:41] INFO     train.step step=18400/19452 epoch=2 loss=0.4483 lr=8.88e-07 
[11:13:44] INFO     train.step step=18500/19452 epoch=2 loss=0.3250 lr=7.28e-07 
[11:13:45] INFO     train.val step=18500 val_loss=0.4719                        
           INFO     train.checkpoint.best step=18500 val_loss=0.4719            
[11:13:48] INFO     train.step step=18600/19452 epoch=2 loss=0.4806 lr=5.83e-07 
[11:13:51] INFO     train.step step=18700/19452 epoch=2 loss=0.4085 lr=4.55e-07 
[11:13:54] INFO     train.step step=18800/19452 epoch=2 loss=0.3002 lr=3.42e-07 
[11:13:57] INFO     train.step step=18900/19452 epoch=2 loss=0.5242 lr=2.45e-07 
[11:14:00] INFO     train.step step=19000/19452 epoch=2 loss=0.3464 lr=1.64e-07 
[11:14:01] INFO     train.val step=19000 val_loss=0.4720                        
[11:14:04] INFO     train.step step=19100/19452 epoch=2 loss=0.6243 lr=9.97e-08 
[11:14:07] INFO     train.step step=19200/19452 epoch=2 loss=0.3736 lr=5.11e-08 
[11:14:09] INFO     train.step step=19300/19452 epoch=2 loss=0.4590 lr=1.86e-08 
[11:14:12] INFO     train.step step=19400/19452 epoch=2 loss=0.4407 lr=2.18e-09 
[11:14:16] INFO     Loading faiss with AVX2 support.                            
           INFO     Successfully loaded faiss with AVX2 support.                
{
  "amp_enabled": true,
  "best_val_loss": 0.4718632417917252,
  "config": {
    "amp": true,
    "batch_size": 64,
    "encoder": "lstm-retriever",
    "epochs": 3,
    "log_every": 100,
    "lr": 0.0001,
    "max_seq_len": 128,
    "output_dir": "models/",
    "seed": 1729,
    "temperature": 0.05,
    "train_path": "data/msmarco/train_500k.jsonl",
    "val_every": 500,
    "val_path": "data/msmarco/val_5k.jsonl",
    "warmup_frac": 0.1,
    "weight_decay": 0.01
  },
  "device": "cuda",
  "encoder": "lstm-retriever",
  "final_train_loss": 0.44066405296325684,
  "final_val_loss": 0.4718777126073837,
  "git_commit": "57d79dfd1ef9524767ee76f4c283336e89ef609e",
  "hardware": {
    "cuda_device": "NVIDIA A100-SXM4-80GB",
    "faiss": "1.13.2",
    "hostname": "6e7d83976091",
    "platform": "Linux-6.17.0-14-generic-x86_64-with-glibc2.35",
    "python": "3.11.10",
    "torch": "2.4.1+cu124"
  },
  "param_count": 6405632,
  "peak_gpu_memory_mb": 561,
  "run_timestamp_utc": "2026-04-19T11:14:16.329770+00:00",
  "steps_completed": 19452,
  "total_steps_planned": 19452,
  "wall_seconds": 615.71
}
           INFO     train.done encoder=lstm-retriever steps=19452               
                    best_val=0.4718632417917252 wall_s=615.7                    
                    artifact=experiments/phase5/lstm-retriever__training.json   
