=== gte x fiqa backfill start === 2026-04-22T07:07:07Z
[07:07:10] INFO     sweep.start encoder=gte-small dataset=fiqa layers=12        
                    heads/layer=12 total=144 pool=mean normalize=True           
                    max_len=512                                                 
           INFO     beir.load dataset=fiqa split=test root=data/beir/fiqa       
           INFO     Loading Corpus...                                           
  0%|          | 0/57638 [00:00<?, ?it/s] 39%|███▉      | 22408/57638 [00:00<00:00, 224043.36it/s] 78%|███████▊  | 44850/57638 [00:00<00:00, 224252.76it/s]100%|██████████| 57638/57638 [00:00<00:00, 224907.73it/s]
           INFO     Loaded 57638 TEST Documents.                                
           INFO     Doc Example: {'text': "I'm not saying I don't like the idea 
                    of on-the-job training too, but you can't expect the company
                    to do that. Training workers is not their job - they're     
                    building software. Perhaps educational systems in the U.S.  
                    (or their students) should worry a little about getting     
                    marketable skills in exchange for their massive investment  
                    in education, rather than getting out with thousands in     
                    student debt and then complaining that they aren't qualified
                    to do anything.", 'title': ''}                              
           INFO     Loading Queries...                                          
           INFO     Loaded 648 TEST Queries.                                    
           INFO     Query Example: How to deposit a cheque issued to an         
                    associate in my business into my business account?          
           INFO     beir.loaded dataset=fiqa split=test n_corpus=57638          
                    n_queries=648 n_qrels=648                                   
[07:07:18] INFO     sweep.loaded model=thenlper/gte-small dim=384 load_s=7.5    
[07:08:04] INFO     sweep.tokenized n_docs=57638 n_queries=648 wall_s=46.6      
/workspace/my-ai-journey/vitruvius/scripts/head_importance_sweep.py:105: FutureWarning: `torch.cuda.amp.autocast(args...)` is deprecated. Please use `torch.amp.autocast('cuda', args...)` instead.
  with torch.cuda.amp.autocast(dtype=torch.float16):
[07:09:21] INFO     Loading faiss with AVX2 support.                            
           INFO     Successfully loaded faiss with AVX2 support.                
           INFO     faiss.init dim=384 kind=IndexFlatIP                         
[07:09:26] INFO     sweep.baseline gte-small x fiqa nDCG@10=0.3935 wall_s=82.0  
[07:10:42] INFO     faiss.init dim=384 kind=IndexFlatIP                         
[07:12:04] INFO     faiss.init dim=384 kind=IndexFlatIP                         
[07:13:26] INFO     faiss.init dim=384 kind=IndexFlatIP                         
[07:14:48] INFO     faiss.init dim=384 kind=IndexFlatIP                         
[07:19:21] INFO     faiss.init dim=384 kind=IndexFlatIP                         
[07:20:43] INFO     faiss.init dim=384 kind=IndexFlatIP                         
[07:22:05] INFO     faiss.init dim=384 kind=IndexFlatIP                         
[07:23:26] INFO     faiss.init dim=384 kind=IndexFlatIP                         
[07:24:48] INFO     faiss.init dim=384 kind=IndexFlatIP                         
[07:26:10] INFO     faiss.init dim=384 kind=IndexFlatIP                         
[07:27:32] INFO     faiss.init dim=384 kind=IndexFlatIP                         
[07:28:54] INFO     faiss.init dim=384 kind=IndexFlatIP                         
[07:30:15] INFO     faiss.init dim=384 kind=IndexFlatIP                         
[07:31:37] INFO     faiss.init dim=384 kind=IndexFlatIP                         
[07:32:59] INFO     faiss.init dim=384 kind=IndexFlatIP                         
[07:34:20] INFO     faiss.init dim=384 kind=IndexFlatIP                         
[07:35:42] INFO     faiss.init dim=384 kind=IndexFlatIP                         
[07:37:04] INFO     faiss.init dim=384 kind=IndexFlatIP                         
[07:38:26] INFO     faiss.init dim=384 kind=IndexFlatIP                         
[07:39:47] INFO     faiss.init dim=384 kind=IndexFlatIP                         
[07:41:09] INFO     faiss.init dim=384 kind=IndexFlatIP                         
[07:42:31] INFO     faiss.init dim=384 kind=IndexFlatIP                         
[07:43:53] INFO     faiss.init dim=384 kind=IndexFlatIP                         
[07:45:14] INFO     faiss.init dim=384 kind=IndexFlatIP                         
[07:45:19] INFO     sweep.progress gte-small x fiqa 24/144 elapsed=2153s        
                    eta=10765s                                                  
[07:46:35] INFO     faiss.init dim=384 kind=IndexFlatIP                         
[07:47:57] INFO     faiss.init dim=384 kind=IndexFlatIP                         
[07:49:18] INFO     faiss.init dim=384 kind=IndexFlatIP                         
[07:50:40] INFO     faiss.init dim=384 kind=IndexFlatIP                         
[07:52:01] INFO     faiss.init dim=384 kind=IndexFlatIP                         
[07:53:23] INFO     faiss.init dim=384 kind=IndexFlatIP                         
[07:54:44] INFO     faiss.init dim=384 kind=IndexFlatIP                         
[07:56:06] INFO     faiss.init dim=384 kind=IndexFlatIP                         
[07:57:27] INFO     faiss.init dim=384 kind=IndexFlatIP                         
[07:58:49] INFO     faiss.init dim=384 kind=IndexFlatIP                         
[08:00:10] INFO     faiss.init dim=384 kind=IndexFlatIP                         
[08:01:32] INFO     faiss.init dim=384 kind=IndexFlatIP                         
[08:02:53] INFO     faiss.init dim=384 kind=IndexFlatIP                         
[08:04:15] INFO     faiss.init dim=384 kind=IndexFlatIP                         
[08:05:36] INFO     faiss.init dim=384 kind=IndexFlatIP                         
[08:06:58] INFO     faiss.init dim=384 kind=IndexFlatIP                         
[08:08:20] INFO     faiss.init dim=384 kind=IndexFlatIP                         
[08:09:41] INFO     faiss.init dim=384 kind=IndexFlatIP                         
[08:11:03] INFO     faiss.init dim=384 kind=IndexFlatIP                         
[08:12:24] INFO     faiss.init dim=384 kind=IndexFlatIP                         
[08:13:46] INFO     faiss.init dim=384 kind=IndexFlatIP                         
[08:15:07] INFO     faiss.init dim=384 kind=IndexFlatIP                         
[08:16:29] INFO     faiss.init dim=384 kind=IndexFlatIP                         
[08:17:50] INFO     faiss.init dim=384 kind=IndexFlatIP                         
[08:17:55] INFO     sweep.progress gte-small x fiqa 48/144 elapsed=4109s        
                    eta=8218s                                                   
[08:19:12] INFO     faiss.init dim=384 kind=IndexFlatIP                         
[08:20:33] INFO     faiss.init dim=384 kind=IndexFlatIP                         
[08:21:55] INFO     faiss.init dim=384 kind=IndexFlatIP                         
[08:23:16] INFO     faiss.init dim=384 kind=IndexFlatIP                         
[08:24:37] INFO     faiss.init dim=384 kind=IndexFlatIP                         
[08:25:58] INFO     faiss.init dim=384 kind=IndexFlatIP                         
[08:27:20] INFO     faiss.init dim=384 kind=IndexFlatIP                         
[08:28:41] INFO     faiss.init dim=384 kind=IndexFlatIP                         
[08:30:02] INFO     faiss.init dim=384 kind=IndexFlatIP                         
[08:31:24] INFO     faiss.init dim=384 kind=IndexFlatIP                         
[08:32:45] INFO     faiss.init dim=384 kind=IndexFlatIP                         
[08:34:06] INFO     faiss.init dim=384 kind=IndexFlatIP                         
[08:35:28] INFO     faiss.init dim=384 kind=IndexFlatIP                         
[08:36:49] INFO     faiss.init dim=384 kind=IndexFlatIP                         
[08:38:09] INFO     faiss.init dim=384 kind=IndexFlatIP                         
[08:39:31] INFO     faiss.init dim=384 kind=IndexFlatIP                         
[08:40:52] INFO     faiss.init dim=384 kind=IndexFlatIP                         
[08:42:13] INFO     faiss.init dim=384 kind=IndexFlatIP                         
[08:43:35] INFO     faiss.init dim=384 kind=IndexFlatIP                         
[08:44:56] INFO     faiss.init dim=384 kind=IndexFlatIP                         
[08:46:17] INFO     faiss.init dim=384 kind=IndexFlatIP                         
[08:47:39] INFO     faiss.init dim=384 kind=IndexFlatIP                         
[08:49:00] INFO     faiss.init dim=384 kind=IndexFlatIP                         
[08:50:22] INFO     faiss.init dim=384 kind=IndexFlatIP                         
[08:50:27] INFO     sweep.progress gte-small x fiqa 72/144 elapsed=6061s        
                    eta=6061s                                                   
[08:51:43] INFO     faiss.init dim=384 kind=IndexFlatIP                         
[08:53:04] INFO     faiss.init dim=384 kind=IndexFlatIP                         
[08:54:25] INFO     faiss.init dim=384 kind=IndexFlatIP                         
[08:55:47] INFO     faiss.init dim=384 kind=IndexFlatIP                         
[08:57:08] INFO     faiss.init dim=384 kind=IndexFlatIP                         
[08:58:29] INFO     faiss.init dim=384 kind=IndexFlatIP                         
[08:59:51] INFO     faiss.init dim=384 kind=IndexFlatIP                         
[09:01:12] INFO     faiss.init dim=384 kind=IndexFlatIP                         
[09:02:33] INFO     faiss.init dim=384 kind=IndexFlatIP                         
[09:03:55] INFO     faiss.init dim=384 kind=IndexFlatIP                         
[09:05:16] INFO     faiss.init dim=384 kind=IndexFlatIP                         
[09:06:38] INFO     faiss.init dim=384 kind=IndexFlatIP                         
[09:07:59] INFO     faiss.init dim=384 kind=IndexFlatIP                         
[09:09:20] INFO     faiss.init dim=384 kind=IndexFlatIP                         
[09:10:41] INFO     faiss.init dim=384 kind=IndexFlatIP                         
[09:12:03] INFO     faiss.init dim=384 kind=IndexFlatIP                         
[09:13:24] INFO     faiss.init dim=384 kind=IndexFlatIP                         
[09:14:46] INFO     faiss.init dim=384 kind=IndexFlatIP                         
[09:16:07] INFO     faiss.init dim=384 kind=IndexFlatIP                         
[09:17:29] INFO     faiss.init dim=384 kind=IndexFlatIP                         
[09:18:50] INFO     faiss.init dim=384 kind=IndexFlatIP                         
[09:20:11] INFO     faiss.init dim=384 kind=IndexFlatIP                         
[09:21:33] INFO     faiss.init dim=384 kind=IndexFlatIP                         
[09:22:54] INFO     faiss.init dim=384 kind=IndexFlatIP                         
[09:22:59] INFO     sweep.progress gte-small x fiqa 96/144 elapsed=8013s        
                    eta=4006s                                                   
[09:24:15] INFO     faiss.init dim=384 kind=IndexFlatIP                         
[09:25:37] INFO     faiss.init dim=384 kind=IndexFlatIP                         
[09:26:58] INFO     faiss.init dim=384 kind=IndexFlatIP                         
[09:28:20] INFO     faiss.init dim=384 kind=IndexFlatIP                         
[09:29:41] INFO     faiss.init dim=384 kind=IndexFlatIP                         
[09:31:02] INFO     faiss.init dim=384 kind=IndexFlatIP                         
[09:32:24] INFO     faiss.init dim=384 kind=IndexFlatIP                         
[09:33:45] INFO     faiss.init dim=384 kind=IndexFlatIP                         
[09:35:07] INFO     faiss.init dim=384 kind=IndexFlatIP                         
[09:36:28] INFO     faiss.init dim=384 kind=IndexFlatIP                         
[09:37:50] INFO     faiss.init dim=384 kind=IndexFlatIP                         
[09:39:11] INFO     faiss.init dim=384 kind=IndexFlatIP                         
[09:40:33] INFO     faiss.init dim=384 kind=IndexFlatIP                         
[09:41:54] INFO     faiss.init dim=384 kind=IndexFlatIP                         
[09:43:16] INFO     faiss.init dim=384 kind=IndexFlatIP                         
[09:44:38] INFO     faiss.init dim=384 kind=IndexFlatIP                         
[09:45:59] INFO     faiss.init dim=384 kind=IndexFlatIP                         
[09:47:21] INFO     faiss.init dim=384 kind=IndexFlatIP                         
[09:48:42] INFO     faiss.init dim=384 kind=IndexFlatIP                         
[09:50:04] INFO     faiss.init dim=384 kind=IndexFlatIP                         
[09:51:25] INFO     faiss.init dim=384 kind=IndexFlatIP                         
[09:52:47] INFO     faiss.init dim=384 kind=IndexFlatIP                         
[09:54:09] INFO     faiss.init dim=384 kind=IndexFlatIP                         
[09:55:30] INFO     faiss.init dim=384 kind=IndexFlatIP                         
[09:55:36] INFO     sweep.progress gte-small x fiqa 120/144 elapsed=9969s       
                    eta=1994s                                                   
[09:56:52] INFO     faiss.init dim=384 kind=IndexFlatIP                         
[09:58:13] INFO     faiss.init dim=384 kind=IndexFlatIP                         
[09:59:35] INFO     faiss.init dim=384 kind=IndexFlatIP                         
[10:00:57] INFO     faiss.init dim=384 kind=IndexFlatIP                         
[10:02:18] INFO     faiss.init dim=384 kind=IndexFlatIP                         
[10:03:39] INFO     faiss.init dim=384 kind=IndexFlatIP                         
[10:05:01] INFO     faiss.init dim=384 kind=IndexFlatIP                         
[10:06:22] INFO     faiss.init dim=384 kind=IndexFlatIP                         
[10:07:43] INFO     faiss.init dim=384 kind=IndexFlatIP                         
[10:09:05] INFO     faiss.init dim=384 kind=IndexFlatIP                         
[10:10:27] INFO     faiss.init dim=384 kind=IndexFlatIP                         
[10:11:48] INFO     faiss.init dim=384 kind=IndexFlatIP                         
[10:13:10] INFO     faiss.init dim=384 kind=IndexFlatIP                         
[10:14:31] INFO     faiss.init dim=384 kind=IndexFlatIP                         
[10:15:53] INFO     faiss.init dim=384 kind=IndexFlatIP                         
[10:17:14] INFO     faiss.init dim=384 kind=IndexFlatIP                         
[10:18:35] INFO     faiss.init dim=384 kind=IndexFlatIP                         
[10:19:57] INFO     faiss.init dim=384 kind=IndexFlatIP                         
[10:21:18] INFO     faiss.init dim=384 kind=IndexFlatIP                         
[10:22:40] INFO     faiss.init dim=384 kind=IndexFlatIP                         
[10:24:02] INFO     faiss.init dim=384 kind=IndexFlatIP                         
[10:25:23] INFO     faiss.init dim=384 kind=IndexFlatIP                         
[10:26:44] INFO     faiss.init dim=384 kind=IndexFlatIP                         
[10:28:06] INFO     faiss.init dim=384 kind=IndexFlatIP                         
[10:28:11] INFO     sweep.progress gte-small x fiqa 144/144 elapsed=11925s      
                    eta=0s                                                      
           INFO     sweep.done gte-small x fiqa baseline=0.3935                 
                    total_wall_s=12006.7                                        
                    out=experiments/phase7/head_importance/gte-small__fiqa.json 
[
  [
    "gte-small",
    "fiqa",
    0.393484,
    12006.7
  ]
]
