=== phase3_5 latency sweep @ 2026-04-19T08:58:05Z ===
name, memory.used [MiB], memory.free [MiB]
NVIDIA A100-SXM4-80GB, 0 MiB, 81152 MiB
[08:58:07] INFO     seed.set value=1729                                         
           INFO     device.selected name=cuda reason=explicit                   
           INFO     profile.start encoders=['minilm-l6-v2', 'bert-base',        
                    'gte-small'] datasets=['nfcorpus', 'scifact', 'fiqa']       
                    batch_sizes=[1, 8, 32] device=cuda sample_size=200          
[08:58:09] INFO     HTTP Request: HEAD                                          
                    https://huggingface.co/sentence-transformers/all-MiniLM-L6-v
                    2/resolve/main/config.json "HTTP/1.1 307 Temporary Redirect"
Warning: You are sending unauthenticated requests to the HF Hub. Please set a HF_TOKEN to enable higher rate limits and faster downloads.
           WARNING  Warning: You are sending unauthenticated requests to the HF 
                    Hub. Please set a HF_TOKEN to enable higher rate limits and 
                    faster downloads.                                           
           INFO     HTTP Request: HEAD                                          
                    https://huggingface.co/api/resolve-cache/models/sentence-tra
                    nsformers/all-MiniLM-L6-v2/c9745ed1d9f207416be6d2e6f8de32d1f
                    16199bf/config.json "HTTP/1.1 200 OK"                       
           INFO     HTTP Request: HEAD                                          
                    https://huggingface.co/sentence-transformers/all-MiniLM-L6-v
                    2/resolve/main/tokenizer_config.json "HTTP/1.1 307 Temporary
                    Redirect"                                                   
           INFO     HTTP Request: HEAD                                          
                    https://huggingface.co/api/resolve-cache/models/sentence-tra
                    nsformers/all-MiniLM-L6-v2/c9745ed1d9f207416be6d2e6f8de32d1f
                    16199bf/tokenizer_config.json "HTTP/1.1 200 OK"             
           INFO     HTTP Request: GET                                           
                    https://huggingface.co/api/models/sentence-transformers/all-
                    MiniLM-L6-v2/tree/main/additional_chat_templates?recursive=f
                    alse&expand=false "HTTP/1.1 404 Not Found"                  
           INFO     HTTP Request: GET                                           
                    https://huggingface.co/api/models/sentence-transformers/all-
                    MiniLM-L6-v2/tree/main?recursive=true&expand=false "HTTP/1.1
                    200 OK"                                                     
           INFO     profile.length_stats dataset=nfcorpus                       
           INFO     beir.load dataset=nfcorpus split=test                       
                    root=data/beir/nfcorpus                                     
           INFO     Loading Corpus...                                           
  0%|          | 0/3633 [00:00<?, ?it/s]100%|██████████| 3633/3633 [00:00<00:00, 144585.89it/s]
           INFO     Loaded 3633 TEST Documents.                                 
           INFO     Doc Example: {'text': 'Recent studies have suggested that   
                    statins, an established drug group in the prevention of     
                    cardiovascular mortality, could delay or prevent breast     
                    cancer recurrence but the effect on disease-specific        
                    mortality remains unclear. We evaluated risk of breast      
                    cancer death among statin users in a population-based cohort
                    of breast cancer patients. The study cohort included all    
                    newly diagnosed breast cancer patients in Finland during    
                    1995–2003 (31,236 cases), identified from the Finnish Cancer
                    Registry. Information on statin use before and after the    
                    diagnosis was obtained from a national prescription         
                    database. We used the Cox proportional hazards regression   
                    method to estimate mortality among statin users with statin 
                    use as time-dependent variable. A total of 4,151            
                    participants had used statins. During the median follow-up  
                    of 3.25 years after the diagnosis (range 0.08–9.0 years)    
                    6,011 participants died, of which 3,619 (60.2%) was due to  
                    breast cancer. After adjustment for age, tumor              
                    characteristics, and treatment selection, both              
                    post-diagnostic and pre-diagnostic statin use were          
                    associated with lowered risk of breast cancer death (HR     
                    0.46, 95% CI 0.38–0.55 and HR 0.54, 95% CI 0.44–0.67,       
                    respectively). The risk decrease by post-diagnostic statin  
                    use was likely affected by healthy adherer bias; that is,   
                    the greater likelihood of dying cancer patients to          
                    discontinue statin use as the association was not clearly   
                    dose-dependent and observed already at low-dose/short-term  
                    use. The dose- and time-dependence of the survival benefit  
                    among pre-diagnostic statin users suggests a possible causal
                    effect that should be evaluated further in a clinical trial 
                    testing statins’ effect on survival in breast cancer        
                    patients.', 'title': 'Statin Use and Breast Cancer Survival:
                    A Nationwide Cohort Study from Finland'}                    
           INFO     Loading Queries...                                          
           INFO     Loaded 323 TEST Queries.                                    
           INFO     Query Example: Do Cholesterol Statin Drugs Cause Breast     
                    Cancer?                                                     
           INFO     beir.loaded dataset=nfcorpus split=test n_corpus=3633       
                    n_queries=323 n_qrels=323                                   
Token indices sequence length is longer than the specified maximum sequence length for this model (621 > 512). Running this sequence through the model will result in indexing errors
[08:58:10] INFO     profile.length_stats dataset=scifact                        
           INFO     beir.load dataset=scifact split=test root=data/beir/scifact 
           INFO     Loading Corpus...                                           
  0%|          | 0/5183 [00:00<?, ?it/s]100%|██████████| 5183/5183 [00:00<00:00, 143683.84it/s]
           INFO     Loaded 5183 TEST Documents.                                 
           INFO     Doc Example: {'text': 'Alterations of the architecture of   
                    cerebral white matter in the developing human brain can     
                    affect cortical development and result in functional        
                    disabilities. A line scan diffusion-weighted magnetic       
                    resonance imaging (MRI) sequence with diffusion tensor      
                    analysis was applied to measure the apparent diffusion      
                    coefficient, to calculate relative anisotropy, and to       
                    delineate three-dimensional fiber architecture in cerebral  
                    white matter in preterm (n = 17) and full-term infants (n = 
                    7). To assess effects of prematurity on cerebral white      
                    matter development, early gestation preterm infants (n = 10)
                    were studied a second time at term. In the central white    
                    matter the mean apparent diffusion coefficient at 28 wk was 
                    high, 1.8 microm2/ms, and decreased toward term to 1.2      
                    microm2/ms. In the posterior limb of the internal capsule,  
                    the mean apparent diffusion coefficients at both times were 
                    similar (1.2 versus 1.1 microm2/ms). Relative anisotropy was
                    higher the closer birth was to term with greater absolute   
                    values in the internal capsule than in the central white    
                    matter. Preterm infants at term showed higher mean diffusion
                    coefficients in the central white matter (1.4 +/- 0.24      
                    versus 1.15 +/- 0.09 microm2/ms, p = 0.016) and lower       
                    relative anisotropy in both areas compared with full-term   
                    infants (white matter, 10.9 +/- 0.6 versus 22.9 +/- 3.0%, p 
                    = 0.001; internal capsule, 24.0 +/- 4.44 versus 33.1 +/-    
                    0.6% p = 0.006). Nonmyelinated fibers in the corpus callosum
                    were visible by diffusion tensor MRI as early as 28 wk;     
                    full-term and preterm infants at term showed marked         
                    differences in white matter fiber organization. The data    
                    indicate that quantitative assessment of water diffusion by 
                    diffusion tensor MRI provides insight into microstructural  
                    development in cerebral white matter in living infants.',   
                    'title': 'Microstructural development of human newborn      
                    cerebral white matter assessed in vivo by diffusion tensor  
                    magnetic resonance imaging.'}                               
           INFO     Loading Queries...                                          
           INFO     Loaded 300 TEST Queries.                                    
           INFO     Query Example: 0-dimensional biomaterials show inductive    
                    properties.                                                 
           INFO     beir.loaded dataset=scifact split=test n_corpus=5183        
                    n_queries=300 n_qrels=300                                   
[08:58:11] INFO     profile.length_stats dataset=fiqa                           
           INFO     beir.load dataset=fiqa split=test root=data/beir/fiqa       
           INFO     Loading Corpus...                                           
  0%|          | 0/57638 [00:00<?, ?it/s] 38%|███▊      | 21958/57638 [00:00<00:00, 219555.61it/s] 76%|███████▌  | 43914/57638 [00:00<00:00, 216210.83it/s]100%|██████████| 57638/57638 [00:00<00:00, 217005.70it/s]
           INFO     Loaded 57638 TEST Documents.                                
           INFO     Doc Example: {'text': "I'm not saying I don't like the idea 
                    of on-the-job training too, but you can't expect the company
                    to do that. Training workers is not their job - they're     
                    building software. Perhaps educational systems in the U.S.  
                    (or their students) should worry a little about getting     
                    marketable skills in exchange for their massive investment  
                    in education, rather than getting out with thousands in     
                    student debt and then complaining that they aren't qualified
                    to do anything.", 'title': ''}                              
           INFO     Loading Queries...                                          
           INFO     Loaded 648 TEST Queries.                                    
           INFO     Query Example: How to deposit a cheque issued to an         
                    associate in my business into my business account?          
           INFO     beir.loaded dataset=fiqa split=test n_corpus=57638          
                    n_queries=648 n_qrels=648                                   
[08:58:12] INFO     profile.length_stats_written                                
                    path=experiments/phase3_5/dataset_length_stats.json         
           INFO     profile.encoder_load encoder=minilm-l6-v2 device=cuda       
[08:58:13] INFO     device.selected name=cuda reason=explicit                   
           INFO     encoder.load name=minilm-l6-v2                              
                    model_id=sentence-transformers/all-MiniLM-L6-v2 device=cuda 
           INFO     HTTP Request: HEAD                                          
                    https://huggingface.co/sentence-transformers/all-MiniLM-L6-v
                    2/resolve/main/modules.json "HTTP/1.1 307 Temporary         
                    Redirect"                                                   
           INFO     HTTP Request: HEAD                                          
                    https://huggingface.co/api/resolve-cache/models/sentence-tra
                    nsformers/all-MiniLM-L6-v2/c9745ed1d9f207416be6d2e6f8de32d1f
                    16199bf/modules.json "HTTP/1.1 200 OK"                      
           INFO     HTTP Request: HEAD                                          
                    https://huggingface.co/sentence-transformers/all-MiniLM-L6-v
                    2/resolve/main/config_sentence_transformers.json "HTTP/1.1  
                    307 Temporary Redirect"                                     
           INFO     HTTP Request: HEAD                                          
                    https://huggingface.co/api/resolve-cache/models/sentence-tra
                    nsformers/all-MiniLM-L6-v2/c9745ed1d9f207416be6d2e6f8de32d1f
                    16199bf/config_sentence_transformers.json "HTTP/1.1 200 OK" 
           INFO     Loading SentenceTransformer model from                      
                    sentence-transformers/all-MiniLM-L6-v2.                     
           INFO     HTTP Request: HEAD                                          
                    https://huggingface.co/sentence-transformers/all-MiniLM-L6-v
                    2/resolve/main/config_sentence_transformers.json "HTTP/1.1  
                    307 Temporary Redirect"                                     
           INFO     HTTP Request: HEAD                                          
                    https://huggingface.co/api/resolve-cache/models/sentence-tra
                    nsformers/all-MiniLM-L6-v2/c9745ed1d9f207416be6d2e6f8de32d1f
                    16199bf/config_sentence_transformers.json "HTTP/1.1 200 OK" 
           INFO     HTTP Request: HEAD                                          
                    https://huggingface.co/sentence-transformers/all-MiniLM-L6-v
                    2/resolve/main/README.md "HTTP/1.1 307 Temporary Redirect"  
           INFO     HTTP Request: HEAD                                          
                    https://huggingface.co/api/resolve-cache/models/sentence-tra
                    nsformers/all-MiniLM-L6-v2/c9745ed1d9f207416be6d2e6f8de32d1f
                    16199bf/README.md "HTTP/1.1 200 OK"                         
           INFO     HTTP Request: HEAD                                          
                    https://huggingface.co/sentence-transformers/all-MiniLM-L6-v
                    2/resolve/main/modules.json "HTTP/1.1 307 Temporary         
                    Redirect"                                                   
           INFO     HTTP Request: HEAD                                          
                    https://huggingface.co/api/resolve-cache/models/sentence-tra
                    nsformers/all-MiniLM-L6-v2/c9745ed1d9f207416be6d2e6f8de32d1f
                    16199bf/modules.json "HTTP/1.1 200 OK"                      
           INFO     HTTP Request: HEAD                                          
                    https://huggingface.co/sentence-transformers/all-MiniLM-L6-v
                    2/resolve/main/sentence_bert_config.json "HTTP/1.1 307      
                    Temporary Redirect"                                         
           INFO     HTTP Request: HEAD                                          
                    https://huggingface.co/api/resolve-cache/models/sentence-tra
                    nsformers/all-MiniLM-L6-v2/c9745ed1d9f207416be6d2e6f8de32d1f
                    16199bf/sentence_bert_config.json "HTTP/1.1 200 OK"         
           INFO     HTTP Request: HEAD                                          
                    https://huggingface.co/sentence-transformers/all-MiniLM-L6-v
                    2/resolve/main/adapter_config.json "HTTP/1.1 404 Not Found" 
           INFO     HTTP Request: HEAD                                          
                    https://huggingface.co/sentence-transformers/all-MiniLM-L6-v
                    2/resolve/main/config.json "HTTP/1.1 307 Temporary Redirect"
           INFO     HTTP Request: HEAD                                          
                    https://huggingface.co/api/resolve-cache/models/sentence-tra
                    nsformers/all-MiniLM-L6-v2/c9745ed1d9f207416be6d2e6f8de32d1f
                    16199bf/config.json "HTTP/1.1 200 OK"                       
Loading weights:   0%|          | 0/103 [00:00<?, ?it/s]Loading weights: 100%|██████████| 103/103 [00:00<00:00, 5862.97it/s]
[1mBertModel LOAD REPORT[0m from: sentence-transformers/all-MiniLM-L6-v2
Key                     | Status     |  | 
------------------------+------------+--+-
embeddings.position_ids | UNEXPECTED |  | 

Notes:
- UNEXPECTED:	can be ignored when loading from different task/architecture; not ok if you expect identical arch.
           INFO     HTTP Request: HEAD                                          
                    https://huggingface.co/sentence-transformers/all-MiniLM-L6-v
                    2/resolve/main/processor_config.json "HTTP/1.1 404 Not      
                    Found"                                                      
[08:58:14] INFO     HTTP Request: HEAD                                          
                    https://huggingface.co/sentence-transformers/all-MiniLM-L6-v
                    2/resolve/main/preprocessor_config.json "HTTP/1.1 404 Not   
                    Found"                                                      
           INFO     HTTP Request: HEAD                                          
                    https://huggingface.co/sentence-transformers/all-MiniLM-L6-v
                    2/resolve/main/video_preprocessor_config.json "HTTP/1.1 404 
                    Not Found"                                                  
           INFO     HTTP Request: HEAD                                          
                    https://huggingface.co/sentence-transformers/all-MiniLM-L6-v
                    2/resolve/main/preprocessor_config.json "HTTP/1.1 404 Not   
                    Found"                                                      
           INFO     HTTP Request: HEAD                                          
                    https://huggingface.co/sentence-transformers/all-MiniLM-L6-v
                    2/resolve/main/tokenizer_config.json "HTTP/1.1 307 Temporary
                    Redirect"                                                   
           INFO     HTTP Request: HEAD                                          
                    https://huggingface.co/api/resolve-cache/models/sentence-tra
                    nsformers/all-MiniLM-L6-v2/c9745ed1d9f207416be6d2e6f8de32d1f
                    16199bf/tokenizer_config.json "HTTP/1.1 200 OK"             
           INFO     HTTP Request: HEAD                                          
                    https://huggingface.co/sentence-transformers/all-MiniLM-L6-v
                    2/resolve/main/config.json "HTTP/1.1 307 Temporary Redirect"
           INFO     HTTP Request: HEAD                                          
                    https://huggingface.co/api/resolve-cache/models/sentence-tra
                    nsformers/all-MiniLM-L6-v2/c9745ed1d9f207416be6d2e6f8de32d1f
                    16199bf/config.json "HTTP/1.1 200 OK"                       
           INFO     HTTP Request: HEAD                                          
                    https://huggingface.co/sentence-transformers/all-MiniLM-L6-v
                    2/resolve/main/config.json "HTTP/1.1 307 Temporary Redirect"
           INFO     HTTP Request: HEAD                                          
                    https://huggingface.co/api/resolve-cache/models/sentence-tra
                    nsformers/all-MiniLM-L6-v2/c9745ed1d9f207416be6d2e6f8de32d1f
                    16199bf/config.json "HTTP/1.1 200 OK"                       
           INFO     HTTP Request: HEAD                                          
                    https://huggingface.co/sentence-transformers/all-MiniLM-L6-v
                    2/resolve/main/tokenizer_config.json "HTTP/1.1 307 Temporary
                    Redirect"                                                   
           INFO     HTTP Request: HEAD                                          
                    https://huggingface.co/api/resolve-cache/models/sentence-tra
                    nsformers/all-MiniLM-L6-v2/c9745ed1d9f207416be6d2e6f8de32d1f
                    16199bf/tokenizer_config.json "HTTP/1.1 200 OK"             
           INFO     HTTP Request: GET                                           
                    https://huggingface.co/api/models/sentence-transformers/all-
                    MiniLM-L6-v2/tree/main/additional_chat_templates?recursive=f
                    alse&expand=false "HTTP/1.1 404 Not Found"                  
           INFO     HTTP Request: GET                                           
                    https://huggingface.co/api/models/sentence-transformers/all-
                    MiniLM-L6-v2/tree/main?recursive=true&expand=false "HTTP/1.1
                    200 OK"                                                     
           INFO     HTTP Request: HEAD                                          
                    https://huggingface.co/sentence-transformers/all-MiniLM-L6-v
                    2/resolve/main/1_Pooling/config.json "HTTP/1.1 307 Temporary
                    Redirect"                                                   
           INFO     HTTP Request: HEAD                                          
                    https://huggingface.co/api/resolve-cache/models/sentence-tra
                    nsformers/all-MiniLM-L6-v2/c9745ed1d9f207416be6d2e6f8de32d1f
                    16199bf/1_Pooling%2Fconfig.json "HTTP/1.1 200 OK"           
           INFO     HTTP Request: GET                                           
                    https://huggingface.co/api/models/sentence-transformers/all-
                    MiniLM-L6-v2 "HTTP/1.1 200 OK"                              
           INFO     profile.cell encoder=minilm-l6-v2 dataset=nfcorpus          
[08:58:15] INFO     latency.profile batch_size=1 median_ms=4.177 p90_ms=4.271   
                    p99_ms=4.529                                                
           INFO     latency.profile batch_size=8 median_ms=5.151 p90_ms=5.172   
                    p99_ms=5.243                                                
[08:58:16] INFO     latency.profile batch_size=32 median_ms=6.059 p90_ms=6.137  
                    p99_ms=6.325                                                
[08:58:17] INFO     Loading faiss with AVX2 support.                            
           INFO     Successfully loaded faiss with AVX2 support.                
           INFO     profile.done encoder=minilm-l6-v2 dataset=nfcorpus          
                    lat@1_median_ms=4.177 docs/s=669.2                          
                    out=experiments/phase3_5/minilm-l6-v2__nfcorpus.json        
           INFO     profile.cell encoder=minilm-l6-v2 dataset=scifact           
           INFO     latency.profile batch_size=1 median_ms=4.303 p90_ms=4.365   
                    p99_ms=4.505                                                
[08:58:18] INFO     latency.profile batch_size=8 median_ms=5.602 p90_ms=5.649   
                    p99_ms=5.754                                                
[08:58:19] INFO     latency.profile batch_size=32 median_ms=8.595 p90_ms=9.297  
                    p99_ms=9.382                                                
           INFO     profile.done encoder=minilm-l6-v2 dataset=scifact           
                    lat@1_median_ms=4.303 docs/s=732.8                          
                    out=experiments/phase3_5/minilm-l6-v2__scifact.json         
           INFO     profile.cell encoder=minilm-l6-v2 dataset=fiqa              
[08:58:20] INFO     latency.profile batch_size=1 median_ms=4.304 p90_ms=4.356   
                    p99_ms=4.387                                                
           INFO     latency.profile batch_size=8 median_ms=5.289 p90_ms=5.376   
                    p99_ms=5.552                                                
[08:58:21] INFO     latency.profile batch_size=32 median_ms=7.187 p90_ms=7.307  
                    p99_ms=7.594                                                
           INFO     profile.done encoder=minilm-l6-v2 dataset=fiqa              
                    lat@1_median_ms=4.304 docs/s=1167.9                         
                    out=experiments/phase3_5/minilm-l6-v2__fiqa.json            
           INFO     profile.encoder_load encoder=bert-base device=cuda          
           INFO     device.selected name=cuda reason=explicit                   
           INFO     encoder.load name=bert-base                                 
                    model_id=sentence-transformers/msmarco-bert-base-dot-v5     
                    device=cuda                                                 
           INFO     HTTP Request: HEAD                                          
                    https://huggingface.co/sentence-transformers/msmarco-bert-ba
                    se-dot-v5/resolve/main/modules.json "HTTP/1.1 307 Temporary 
                    Redirect"                                                   
           INFO     HTTP Request: HEAD                                          
                    https://huggingface.co/api/resolve-cache/models/sentence-tra
                    nsformers/msmarco-bert-base-dot-v5/dbf04e3911e5b11c887fe563d
                    3f2479f81c4415f/modules.json "HTTP/1.1 200 OK"              
           INFO     HTTP Request: HEAD                                          
                    https://huggingface.co/sentence-transformers/msmarco-bert-ba
                    se-dot-v5/resolve/main/config_sentence_transformers.json    
                    "HTTP/1.1 307 Temporary Redirect"                           
           INFO     HTTP Request: HEAD                                          
                    https://huggingface.co/api/resolve-cache/models/sentence-tra
                    nsformers/msmarco-bert-base-dot-v5/dbf04e3911e5b11c887fe563d
                    3f2479f81c4415f/config_sentence_transformers.json "HTTP/1.1 
                    200 OK"                                                     
           INFO     Loading SentenceTransformer model from                      
                    sentence-transformers/msmarco-bert-base-dot-v5.             
           INFO     HTTP Request: HEAD                                          
                    https://huggingface.co/sentence-transformers/msmarco-bert-ba
                    se-dot-v5/resolve/main/config_sentence_transformers.json    
                    "HTTP/1.1 307 Temporary Redirect"                           
           INFO     HTTP Request: HEAD                                          
                    https://huggingface.co/api/resolve-cache/models/sentence-tra
                    nsformers/msmarco-bert-base-dot-v5/dbf04e3911e5b11c887fe563d
                    3f2479f81c4415f/config_sentence_transformers.json "HTTP/1.1 
                    200 OK"                                                     
           INFO     HTTP Request: HEAD                                          
                    https://huggingface.co/sentence-transformers/msmarco-bert-ba
                    se-dot-v5/resolve/main/README.md "HTTP/1.1 307 Temporary    
                    Redirect"                                                   
           INFO     HTTP Request: HEAD                                          
                    https://huggingface.co/api/resolve-cache/models/sentence-tra
                    nsformers/msmarco-bert-base-dot-v5/dbf04e3911e5b11c887fe563d
                    3f2479f81c4415f/README.md "HTTP/1.1 200 OK"                 
           INFO     HTTP Request: HEAD                                          
                    https://huggingface.co/sentence-transformers/msmarco-bert-ba
                    se-dot-v5/resolve/main/modules.json "HTTP/1.1 307 Temporary 
                    Redirect"                                                   
           INFO     HTTP Request: HEAD                                          
                    https://huggingface.co/api/resolve-cache/models/sentence-tra
                    nsformers/msmarco-bert-base-dot-v5/dbf04e3911e5b11c887fe563d
                    3f2479f81c4415f/modules.json "HTTP/1.1 200 OK"              
           INFO     HTTP Request: HEAD                                          
                    https://huggingface.co/sentence-transformers/msmarco-bert-ba
                    se-dot-v5/resolve/main/sentence_bert_config.json "HTTP/1.1  
                    307 Temporary Redirect"                                     
           INFO     HTTP Request: HEAD                                          
                    https://huggingface.co/api/resolve-cache/models/sentence-tra
                    nsformers/msmarco-bert-base-dot-v5/dbf04e3911e5b11c887fe563d
                    3f2479f81c4415f/sentence_bert_config.json "HTTP/1.1 200 OK" 
           INFO     HTTP Request: HEAD                                          
                    https://huggingface.co/sentence-transformers/msmarco-bert-ba
                    se-dot-v5/resolve/main/adapter_config.json "HTTP/1.1 404 Not
                    Found"                                                      
           INFO     HTTP Request: HEAD                                          
                    https://huggingface.co/sentence-transformers/msmarco-bert-ba
                    se-dot-v5/resolve/main/config.json "HTTP/1.1 307 Temporary  
                    Redirect"                                                   
           INFO     HTTP Request: HEAD                                          
                    https://huggingface.co/api/resolve-cache/models/sentence-tra
                    nsformers/msmarco-bert-base-dot-v5/dbf04e3911e5b11c887fe563d
                    3f2479f81c4415f/config.json "HTTP/1.1 200 OK"               
Loading weights:   0%|          | 0/199 [00:00<?, ?it/s]Loading weights: 100%|██████████| 199/199 [00:00<00:00, 8495.51it/s]
[1mBertModel LOAD REPORT[0m from: sentence-transformers/msmarco-bert-base-dot-v5
Key                     | Status     |  | 
------------------------+------------+--+-
embeddings.position_ids | UNEXPECTED |  | 

Notes:
- UNEXPECTED:	can be ignored when loading from different task/architecture; not ok if you expect identical arch.
[08:58:22] INFO     HTTP Request: HEAD                                          
                    https://huggingface.co/sentence-transformers/msmarco-bert-ba
                    se-dot-v5/resolve/main/processor_config.json "HTTP/1.1 404  
                    Not Found"                                                  
           INFO     HTTP Request: HEAD                                          
                    https://huggingface.co/sentence-transformers/msmarco-bert-ba
                    se-dot-v5/resolve/main/preprocessor_config.json "HTTP/1.1   
                    404 Not Found"                                              
           INFO     HTTP Request: HEAD                                          
                    https://huggingface.co/sentence-transformers/msmarco-bert-ba
                    se-dot-v5/resolve/main/video_preprocessor_config.json       
                    "HTTP/1.1 404 Not Found"                                    
           INFO     HTTP Request: HEAD                                          
                    https://huggingface.co/sentence-transformers/msmarco-bert-ba
                    se-dot-v5/resolve/main/preprocessor_config.json "HTTP/1.1   
                    404 Not Found"                                              
           INFO     HTTP Request: HEAD                                          
                    https://huggingface.co/sentence-transformers/msmarco-bert-ba
                    se-dot-v5/resolve/main/tokenizer_config.json "HTTP/1.1 307  
                    Temporary Redirect"                                         
           INFO     HTTP Request: HEAD                                          
                    https://huggingface.co/api/resolve-cache/models/sentence-tra
                    nsformers/msmarco-bert-base-dot-v5/dbf04e3911e5b11c887fe563d
                    3f2479f81c4415f/tokenizer_config.json "HTTP/1.1 200 OK"     
           INFO     HTTP Request: HEAD                                          
                    https://huggingface.co/sentence-transformers/msmarco-bert-ba
                    se-dot-v5/resolve/main/config.json "HTTP/1.1 307 Temporary  
                    Redirect"                                                   
           INFO     HTTP Request: HEAD                                          
                    https://huggingface.co/api/resolve-cache/models/sentence-tra
                    nsformers/msmarco-bert-base-dot-v5/dbf04e3911e5b11c887fe563d
                    3f2479f81c4415f/config.json "HTTP/1.1 200 OK"               
           INFO     HTTP Request: HEAD                                          
                    https://huggingface.co/sentence-transformers/msmarco-bert-ba
                    se-dot-v5/resolve/main/config.json "HTTP/1.1 307 Temporary  
                    Redirect"                                                   
           INFO     HTTP Request: HEAD                                          
                    https://huggingface.co/api/resolve-cache/models/sentence-tra
                    nsformers/msmarco-bert-base-dot-v5/dbf04e3911e5b11c887fe563d
                    3f2479f81c4415f/config.json "HTTP/1.1 200 OK"               
           INFO     HTTP Request: HEAD                                          
                    https://huggingface.co/sentence-transformers/msmarco-bert-ba
                    se-dot-v5/resolve/main/tokenizer_config.json "HTTP/1.1 307  
                    Temporary Redirect"                                         
           INFO     HTTP Request: HEAD                                          
                    https://huggingface.co/api/resolve-cache/models/sentence-tra
                    nsformers/msmarco-bert-base-dot-v5/dbf04e3911e5b11c887fe563d
                    3f2479f81c4415f/tokenizer_config.json "HTTP/1.1 200 OK"     
           INFO     HTTP Request: GET                                           
                    https://huggingface.co/api/models/sentence-transformers/msma
                    rco-bert-base-dot-v5/tree/main/additional_chat_templates?rec
                    ursive=false&expand=false "HTTP/1.1 404 Not Found"          
           INFO     HTTP Request: GET                                           
                    https://huggingface.co/api/models/sentence-transformers/msma
                    rco-bert-base-dot-v5/tree/main?recursive=true&expand=false  
                    "HTTP/1.1 200 OK"                                           
           INFO     HTTP Request: HEAD                                          
                    https://huggingface.co/sentence-transformers/msmarco-bert-ba
                    se-dot-v5/resolve/main/1_Pooling/config.json "HTTP/1.1 307  
                    Temporary Redirect"                                         
           INFO     HTTP Request: HEAD                                          
                    https://huggingface.co/api/resolve-cache/models/sentence-tra
                    nsformers/msmarco-bert-base-dot-v5/dbf04e3911e5b11c887fe563d
                    3f2479f81c4415f/1_Pooling%2Fconfig.json "HTTP/1.1 200 OK"   
           INFO     HTTP Request: GET                                           
                    https://huggingface.co/api/models/sentence-transformers/msma
                    rco-bert-base-dot-v5 "HTTP/1.1 200 OK"                      
           INFO     profile.cell encoder=bert-base dataset=nfcorpus             
[08:58:23] INFO     latency.profile batch_size=1 median_ms=7.257 p90_ms=7.332   
                    p99_ms=8.699                                                
[08:58:24] INFO     latency.profile batch_size=8 median_ms=8.612 p90_ms=8.667   
                    p99_ms=8.819                                                
[08:58:25] INFO     latency.profile batch_size=32 median_ms=11.642 p90_ms=11.787
                    p99_ms=11.996                                               
[08:58:27] INFO     profile.done encoder=bert-base dataset=nfcorpus             
                    lat@1_median_ms=7.257 docs/s=178.4                          
                    out=experiments/phase3_5/bert-base__nfcorpus.json           
           INFO     profile.cell encoder=bert-base dataset=scifact              
[08:58:28] INFO     latency.profile batch_size=1 median_ms=7.249 p90_ms=7.362   
                    p99_ms=7.508                                                
[08:58:29] INFO     latency.profile batch_size=8 median_ms=9.908 p90_ms=10.010  
                    p99_ms=10.157                                               
[08:58:31] INFO     latency.profile batch_size=32 median_ms=24.733 p90_ms=24.901
                    p99_ms=25.195                                               
[08:58:33] INFO     profile.done encoder=bert-base dataset=scifact              
                    lat@1_median_ms=7.249 docs/s=193.4                          
                    out=experiments/phase3_5/bert-base__scifact.json            
           INFO     profile.cell encoder=bert-base dataset=fiqa                 
[08:58:34] INFO     latency.profile batch_size=1 median_ms=7.229 p90_ms=7.349   
                    p99_ms=7.434                                                
[08:58:35] INFO     latency.profile batch_size=8 median_ms=8.501 p90_ms=8.606   
                    p99_ms=8.766                                                
[08:58:37] INFO     latency.profile batch_size=32 median_ms=17.847 p90_ms=17.945
                    p99_ms=18.155                                               
[08:58:38] INFO     profile.done encoder=bert-base dataset=fiqa                 
                    lat@1_median_ms=7.229 docs/s=354.3                          
                    out=experiments/phase3_5/bert-base__fiqa.json               
           INFO     profile.encoder_load encoder=gte-small device=cuda          
           INFO     device.selected name=cuda reason=explicit                   
           INFO     encoder.load name=gte-small model_id=thenlper/gte-small     
                    device=cuda                                                 
           INFO     HTTP Request: HEAD                                          
                    https://huggingface.co/thenlper/gte-small/resolve/main/modul
                    es.json "HTTP/1.1 307 Temporary Redirect"                   
           INFO     HTTP Request: HEAD                                          
                    https://huggingface.co/api/resolve-cache/models/thenlper/gte
                    -small/17e1f347d17fe144873b1201da91788898c639cd/modules.json
                     "HTTP/1.1 200 OK"                                          
           INFO     HTTP Request: HEAD                                          
                    https://huggingface.co/thenlper/gte-small/resolve/main/confi
                    g_sentence_transformers.json "HTTP/1.1 404 Not Found"       
           INFO     Loading SentenceTransformer model from thenlper/gte-small.  
           INFO     HTTP Request: HEAD                                          
                    https://huggingface.co/thenlper/gte-small/resolve/main/confi
                    g_sentence_transformers.json "HTTP/1.1 404 Not Found"       
           INFO     HTTP Request: HEAD                                          
                    https://huggingface.co/thenlper/gte-small/resolve/main/READM
                    E.md "HTTP/1.1 307 Temporary Redirect"                      
           INFO     HTTP Request: HEAD                                          
                    https://huggingface.co/api/resolve-cache/models/thenlper/gte
                    -small/17e1f347d17fe144873b1201da91788898c639cd/README.md   
                    "HTTP/1.1 200 OK"                                           
           INFO     HTTP Request: HEAD                                          
                    https://huggingface.co/thenlper/gte-small/resolve/main/modul
                    es.json "HTTP/1.1 307 Temporary Redirect"                   
           INFO     HTTP Request: HEAD                                          
                    https://huggingface.co/api/resolve-cache/models/thenlper/gte
                    -small/17e1f347d17fe144873b1201da91788898c639cd/modules.json
                     "HTTP/1.1 200 OK"                                          
           INFO     HTTP Request: HEAD                                          
                    https://huggingface.co/thenlper/gte-small/resolve/main/sente
                    nce_bert_config.json "HTTP/1.1 307 Temporary Redirect"      
           INFO     HTTP Request: HEAD                                          
                    https://huggingface.co/api/resolve-cache/models/thenlper/gte
                    -small/17e1f347d17fe144873b1201da91788898c639cd/sentence_ber
                    t_config.json "HTTP/1.1 200 OK"                             
           INFO     HTTP Request: HEAD                                          
                    https://huggingface.co/thenlper/gte-small/resolve/main/adapt
                    er_config.json "HTTP/1.1 404 Not Found"                     
           INFO     HTTP Request: HEAD                                          
                    https://huggingface.co/thenlper/gte-small/resolve/main/confi
                    g.json "HTTP/1.1 307 Temporary Redirect"                    
           INFO     HTTP Request: HEAD                                          
                    https://huggingface.co/api/resolve-cache/models/thenlper/gte
                    -small/17e1f347d17fe144873b1201da91788898c639cd/config.json 
                    "HTTP/1.1 200 OK"                                           
Loading weights:   0%|          | 0/199 [00:00<?, ?it/s]Loading weights: 100%|██████████| 199/199 [00:00<00:00, 8122.41it/s]
[1mBertModel LOAD REPORT[0m from: thenlper/gte-small
Key                     | Status     |  | 
------------------------+------------+--+-
embeddings.position_ids | UNEXPECTED |  | 

Notes:
- UNEXPECTED:	can be ignored when loading from different task/architecture; not ok if you expect identical arch.
           INFO     HTTP Request: HEAD                                          
                    https://huggingface.co/thenlper/gte-small/resolve/main/proce
                    ssor_config.json "HTTP/1.1 404 Not Found"                   
           INFO     HTTP Request: HEAD                                          
                    https://huggingface.co/thenlper/gte-small/resolve/main/prepr
                    ocessor_config.json "HTTP/1.1 404 Not Found"                
           INFO     HTTP Request: HEAD                                          
                    https://huggingface.co/thenlper/gte-small/resolve/main/video
                    _preprocessor_config.json "HTTP/1.1 404 Not Found"          
           INFO     HTTP Request: HEAD                                          
                    https://huggingface.co/thenlper/gte-small/resolve/main/prepr
                    ocessor_config.json "HTTP/1.1 404 Not Found"                
           INFO     HTTP Request: HEAD                                          
                    https://huggingface.co/thenlper/gte-small/resolve/main/token
                    izer_config.json "HTTP/1.1 307 Temporary Redirect"          
           INFO     HTTP Request: HEAD                                          
                    https://huggingface.co/api/resolve-cache/models/thenlper/gte
                    -small/17e1f347d17fe144873b1201da91788898c639cd/tokenizer_co
                    nfig.json "HTTP/1.1 200 OK"                                 
           INFO     HTTP Request: HEAD                                          
                    https://huggingface.co/thenlper/gte-small/resolve/main/confi
                    g.json "HTTP/1.1 307 Temporary Redirect"                    
           INFO     HTTP Request: HEAD                                          
                    https://huggingface.co/api/resolve-cache/models/thenlper/gte
                    -small/17e1f347d17fe144873b1201da91788898c639cd/config.json 
                    "HTTP/1.1 200 OK"                                           
           INFO     HTTP Request: HEAD                                          
                    https://huggingface.co/thenlper/gte-small/resolve/main/confi
                    g.json "HTTP/1.1 307 Temporary Redirect"                    
           INFO     HTTP Request: HEAD                                          
                    https://huggingface.co/api/resolve-cache/models/thenlper/gte
                    -small/17e1f347d17fe144873b1201da91788898c639cd/config.json 
                    "HTTP/1.1 200 OK"                                           
[08:58:39] INFO     HTTP Request: HEAD                                          
                    https://huggingface.co/thenlper/gte-small/resolve/main/token
                    izer_config.json "HTTP/1.1 307 Temporary Redirect"          
           INFO     HTTP Request: HEAD                                          
                    https://huggingface.co/api/resolve-cache/models/thenlper/gte
                    -small/17e1f347d17fe144873b1201da91788898c639cd/tokenizer_co
                    nfig.json "HTTP/1.1 200 OK"                                 
           INFO     HTTP Request: GET                                           
                    https://huggingface.co/api/models/thenlper/gte-small/tree/ma
                    in/additional_chat_templates?recursive=false&expand=false   
                    "HTTP/1.1 404 Not Found"                                    
           INFO     HTTP Request: GET                                           
                    https://huggingface.co/api/models/thenlper/gte-small/tree/ma
                    in?recursive=true&expand=false "HTTP/1.1 200 OK"            
           INFO     HTTP Request: HEAD                                          
                    https://huggingface.co/thenlper/gte-small/resolve/main/1_Poo
                    ling/config.json "HTTP/1.1 307 Temporary Redirect"          
           INFO     HTTP Request: HEAD                                          
                    https://huggingface.co/api/resolve-cache/models/thenlper/gte
                    -small/17e1f347d17fe144873b1201da91788898c639cd/1_Pooling%2F
                    config.json "HTTP/1.1 200 OK"                               
           INFO     HTTP Request: GET                                           
                    https://huggingface.co/api/models/thenlper/gte-small        
                    "HTTP/1.1 200 OK"                                           
           INFO     profile.cell encoder=gte-small dataset=nfcorpus             
[08:58:40] INFO     latency.profile batch_size=1 median_ms=7.601 p90_ms=7.685   
                    p99_ms=7.999                                                
[08:58:41] INFO     latency.profile batch_size=8 median_ms=9.100 p90_ms=9.264   
                    p99_ms=9.914                                                
[08:58:42] INFO     latency.profile batch_size=32 median_ms=9.768 p90_ms=9.851  
                    p99_ms=10.077                                               
           INFO     profile.done encoder=gte-small dataset=nfcorpus             
                    lat@1_median_ms=7.601 docs/s=670.2                          
                    out=experiments/phase3_5/gte-small__nfcorpus.json           
           INFO     profile.cell encoder=gte-small dataset=scifact              
[08:58:43] INFO     latency.profile batch_size=1 median_ms=7.596 p90_ms=7.654   
                    p99_ms=7.976                                                
[08:58:44] INFO     latency.profile batch_size=8 median_ms=9.255 p90_ms=9.355   
                    p99_ms=9.582                                                
[08:58:45] INFO     latency.profile batch_size=32 median_ms=11.680 p90_ms=11.818
                    p99_ms=12.006                                               
[08:58:46] INFO     profile.done encoder=gte-small dataset=scifact              
                    lat@1_median_ms=7.596 docs/s=723.8                          
                    out=experiments/phase3_5/gte-small__scifact.json            
           INFO     profile.cell encoder=gte-small dataset=fiqa                 
[08:58:47] INFO     latency.profile batch_size=1 median_ms=7.646 p90_ms=7.773   
                    p99_ms=7.967                                                
[08:58:48] INFO     latency.profile batch_size=8 median_ms=9.322 p90_ms=9.426   
                    p99_ms=9.787                                                
[08:58:49] INFO     latency.profile batch_size=32 median_ms=11.067 p90_ms=11.233
                    p99_ms=11.380                                               
           INFO     profile.done encoder=gte-small dataset=fiqa                 
                    lat@1_median_ms=7.646 docs/s=1215.4                         
                    out=experiments/phase3_5/gte-small__fiqa.json               
           INFO     profile.summary_written path=experiments/phase3_5/SUMMARY.md
{
  "cells_run": 9,
  "cells_total": 9,
  "output_dir": "experiments/phase3_5/",
  "length_stats": "experiments/phase3_5/dataset_length_stats.json",
  "summary_md": "experiments/phase3_5/SUMMARY.md"
}
=== end @ 2026-04-19T08:58:50Z ===
